<?xml version="1.0" encoding="UTF-8"?>
<testsuite xmlns:xsi="http://www.w3.org/2001/XMLSchema-instance" xsi:noNamespaceSchemaLocation="https://maven.apache.org/surefire/maven-surefire-plugin/xsd/surefire-test-report.xsd" name="com.userRegistration.UserRegistration.UserRegistrationApplicationTests" time="5.005" tests="1" errors="1" skipped="0" failures="0">
  <properties>
    <property name="sun.desktop" value="windows"/>
    <property name="awt.toolkit" value="sun.awt.windows.WToolkit"/>
    <property name="file.encoding.pkg" value="sun.io"/>
    <property name="java.specification.version" value="1.8"/>
    <property name="sun.cpu.isalist" value="amd64"/>
    <property name="sun.jnu.encoding" value="Cp1252"/>
    <property name="java.class.path" value="E:\java\UserRegistration\target\test-classes;E:\java\UserRegistration\target\classes;C:\Users\Anurag\.m2\repository\org\springframework\boot\spring-boot-starter-actuator\2.4.0-SNAPSHOT\spring-boot-starter-actuator-2.4.0-SNAPSHOT.jar;C:\Users\Anurag\.m2\repository\org\springframework\boot\spring-boot-starter\2.4.0-SNAPSHOT\spring-boot-starter-2.4.0-SNAPSHOT.jar;C:\Users\Anurag\.m2\repository\org\springframework\boot\spring-boot-starter-logging\2.4.0-SNAPSHOT\spring-boot-starter-logging-2.4.0-SNAPSHOT.jar;C:\Users\Anurag\.m2\repository\ch\qos\logback\logback-classic\1.2.3\logback-classic-1.2.3.jar;C:\Users\Anurag\.m2\repository\ch\qos\logback\logback-core\1.2.3\logback-core-1.2.3.jar;C:\Users\Anurag\.m2\repository\org\apache\logging\log4j\log4j-to-slf4j\2.13.3\log4j-to-slf4j-2.13.3.jar;C:\Users\Anurag\.m2\repository\org\apache\logging\log4j\log4j-api\2.13.3\log4j-api-2.13.3.jar;C:\Users\Anurag\.m2\repository\org\slf4j\jul-to-slf4j\1.7.30\jul-to-slf4j-1.7.30.jar;C:\Users\Anurag\.m2\repository\jakarta\annotation\jakarta.annotation-api\1.3.5\jakarta.annotation-api-1.3.5.jar;C:\Users\Anurag\.m2\repository\org\yaml\snakeyaml\1.26\snakeyaml-1.26.jar;C:\Users\Anurag\.m2\repository\org\springframework\boot\spring-boot-actuator-autoconfigure\2.4.0-SNAPSHOT\spring-boot-actuator-autoconfigure-2.4.0-SNAPSHOT.jar;C:\Users\Anurag\.m2\repository\org\springframework\boot\spring-boot-actuator\2.4.0-SNAPSHOT\spring-boot-actuator-2.4.0-SNAPSHOT.jar;C:\Users\Anurag\.m2\repository\com\fasterxml\jackson\core\jackson-databind\2.11.0\jackson-databind-2.11.0.jar;C:\Users\Anurag\.m2\repository\com\fasterxml\jackson\datatype\jackson-datatype-jsr310\2.11.0\jackson-datatype-jsr310-2.11.0.jar;C:\Users\Anurag\.m2\repository\io\micrometer\micrometer-core\1.5.1\micrometer-core-1.5.1.jar;C:\Users\Anurag\.m2\repository\org\hdrhistogram\HdrHistogram\2.1.12\HdrHistogram-2.1.12.jar;C:\Users\Anurag\.m2\repository\org\latencyutils\LatencyUtils\2.0.3\LatencyUtils-2.0.3.jar;C:\Users\Anurag\.m2\repository\org\springframework\boot\spring-boot-starter-data-elasticsearch\2.4.0-SNAPSHOT\spring-boot-starter-data-elasticsearch-2.4.0-SNAPSHOT.jar;C:\Users\Anurag\.m2\repository\org\springframework\data\spring-data-elasticsearch\4.0.0.RELEASE\spring-data-elasticsearch-4.0.0.RELEASE.jar;C:\Users\Anurag\.m2\repository\org\springframework\spring-context\5.2.6.RELEASE\spring-context-5.2.6.RELEASE.jar;C:\Users\Anurag\.m2\repository\org\springframework\spring-tx\5.2.6.RELEASE\spring-tx-5.2.6.RELEASE.jar;C:\Users\Anurag\.m2\repository\org\springframework\data\spring-data-commons\2.3.0.RELEASE\spring-data-commons-2.3.0.RELEASE.jar;C:\Users\Anurag\.m2\repository\org\elasticsearch\plugin\transport-netty4-client\7.7.1\transport-netty4-client-7.7.1.jar;C:\Users\Anurag\.m2\repository\io\netty\netty-buffer\4.1.50.Final\netty-buffer-4.1.50.Final.jar;C:\Users\Anurag\.m2\repository\io\netty\netty-codec\4.1.50.Final\netty-codec-4.1.50.Final.jar;C:\Users\Anurag\.m2\repository\io\netty\netty-codec-http\4.1.50.Final\netty-codec-http-4.1.50.Final.jar;C:\Users\Anurag\.m2\repository\io\netty\netty-common\4.1.50.Final\netty-common-4.1.50.Final.jar;C:\Users\Anurag\.m2\repository\io\netty\netty-handler\4.1.50.Final\netty-handler-4.1.50.Final.jar;C:\Users\Anurag\.m2\repository\io\netty\netty-resolver\4.1.50.Final\netty-resolver-4.1.50.Final.jar;C:\Users\Anurag\.m2\repository\io\netty\netty-transport\4.1.50.Final\netty-transport-4.1.50.Final.jar;C:\Users\Anurag\.m2\repository\org\elasticsearch\client\elasticsearch-rest-high-level-client\7.7.1\elasticsearch-rest-high-level-client-7.7.1.jar;C:\Users\Anurag\.m2\repository\org\elasticsearch\elasticsearch\7.7.1\elasticsearch-7.7.1.jar;C:\Users\Anurag\.m2\repository\org\elasticsearch\elasticsearch-core\7.7.1\elasticsearch-core-7.7.1.jar;C:\Users\Anurag\.m2\repository\org\elasticsearch\elasticsearch-secure-sm\7.7.1\elasticsearch-secure-sm-7.7.1.jar;C:\Users\Anurag\.m2\repository\org\elasticsearch\elasticsearch-x-content\7.7.1\elasticsearch-x-content-7.7.1.jar;C:\Users\Anurag\.m2\repository\com\fasterxml\jackson\dataformat\jackson-dataformat-smile\2.11.0\jackson-dataformat-smile-2.11.0.jar;C:\Users\Anurag\.m2\repository\com\fasterxml\jackson\dataformat\jackson-dataformat-yaml\2.11.0\jackson-dataformat-yaml-2.11.0.jar;C:\Users\Anurag\.m2\repository\com\fasterxml\jackson\dataformat\jackson-dataformat-cbor\2.11.0\jackson-dataformat-cbor-2.11.0.jar;C:\Users\Anurag\.m2\repository\org\elasticsearch\elasticsearch-geo\7.7.1\elasticsearch-geo-7.7.1.jar;C:\Users\Anurag\.m2\repository\org\apache\lucene\lucene-core\8.5.1\lucene-core-8.5.1.jar;C:\Users\Anurag\.m2\repository\org\apache\lucene\lucene-analyzers-common\8.5.1\lucene-analyzers-common-8.5.1.jar;C:\Users\Anurag\.m2\repository\org\apache\lucene\lucene-backward-codecs\8.5.1\lucene-backward-codecs-8.5.1.jar;C:\Users\Anurag\.m2\repository\org\apache\lucene\lucene-grouping\8.5.1\lucene-grouping-8.5.1.jar;C:\Users\Anurag\.m2\repository\org\apache\lucene\lucene-highlighter\8.5.1\lucene-highlighter-8.5.1.jar;C:\Users\Anurag\.m2\repository\org\apache\lucene\lucene-join\8.5.1\lucene-join-8.5.1.jar;C:\Users\Anurag\.m2\repository\org\apache\lucene\lucene-memory\8.5.1\lucene-memory-8.5.1.jar;C:\Users\Anurag\.m2\repository\org\apache\lucene\lucene-misc\8.5.1\lucene-misc-8.5.1.jar;C:\Users\Anurag\.m2\repository\org\apache\lucene\lucene-queries\8.5.1\lucene-queries-8.5.1.jar;C:\Users\Anurag\.m2\repository\org\apache\lucene\lucene-queryparser\8.5.1\lucene-queryparser-8.5.1.jar;C:\Users\Anurag\.m2\repository\org\apache\lucene\lucene-sandbox\8.5.1\lucene-sandbox-8.5.1.jar;C:\Users\Anurag\.m2\repository\org\apache\lucene\lucene-spatial-extras\8.5.1\lucene-spatial-extras-8.5.1.jar;C:\Users\Anurag\.m2\repository\org\apache\lucene\lucene-spatial3d\8.5.1\lucene-spatial3d-8.5.1.jar;C:\Users\Anurag\.m2\repository\org\apache\lucene\lucene-suggest\8.5.1\lucene-suggest-8.5.1.jar;C:\Users\Anurag\.m2\repository\org\elasticsearch\elasticsearch-cli\7.7.1\elasticsearch-cli-7.7.1.jar;C:\Users\Anurag\.m2\repository\net\sf\jopt-simple\jopt-simple\5.0.2\jopt-simple-5.0.2.jar;C:\Users\Anurag\.m2\repository\com\carrotsearch\hppc\0.8.1\hppc-0.8.1.jar;C:\Users\Anurag\.m2\repository\joda-time\joda-time\2.10.4\joda-time-2.10.4.jar;C:\Users\Anurag\.m2\repository\com\tdunning\t-digest\3.2\t-digest-3.2.jar;C:\Users\Anurag\.m2\repository\org\elasticsearch\jna\4.5.1\jna-4.5.1.jar;C:\Users\Anurag\.m2\repository\org\elasticsearch\client\elasticsearch-rest-client\7.7.1\elasticsearch-rest-client-7.7.1.jar;C:\Users\Anurag\.m2\repository\org\apache\httpcomponents\httpclient\4.5.12\httpclient-4.5.12.jar;C:\Users\Anurag\.m2\repository\org\apache\httpcomponents\httpcore\4.4.13\httpcore-4.4.13.jar;C:\Users\Anurag\.m2\repository\org\apache\httpcomponents\httpasyncclient\4.1.4\httpasyncclient-4.1.4.jar;C:\Users\Anurag\.m2\repository\org\apache\httpcomponents\httpcore-nio\4.4.13\httpcore-nio-4.4.13.jar;C:\Users\Anurag\.m2\repository\commons-codec\commons-codec\1.14\commons-codec-1.14.jar;C:\Users\Anurag\.m2\repository\org\elasticsearch\plugin\mapper-extras-client\7.7.1\mapper-extras-client-7.7.1.jar;C:\Users\Anurag\.m2\repository\org\elasticsearch\plugin\parent-join-client\7.7.1\parent-join-client-7.7.1.jar;C:\Users\Anurag\.m2\repository\org\elasticsearch\plugin\aggs-matrix-stats-client\7.7.1\aggs-matrix-stats-client-7.7.1.jar;C:\Users\Anurag\.m2\repository\org\elasticsearch\plugin\rank-eval-client\7.7.1\rank-eval-client-7.7.1.jar;C:\Users\Anurag\.m2\repository\org\elasticsearch\plugin\lang-mustache-client\7.7.1\lang-mustache-client-7.7.1.jar;C:\Users\Anurag\.m2\repository\com\github\spullara\mustache\java\compiler\0.9.6\compiler-0.9.6.jar;C:\Users\Anurag\.m2\repository\com\fasterxml\jackson\core\jackson-core\2.11.0\jackson-core-2.11.0.jar;C:\Users\Anurag\.m2\repository\org\slf4j\slf4j-api\1.7.30\slf4j-api-1.7.30.jar;C:\Users\Anurag\.m2\repository\org\springframework\boot\spring-boot-starter-data-rest\2.4.0-SNAPSHOT\spring-boot-starter-data-rest-2.4.0-SNAPSHOT.jar;C:\Users\Anurag\.m2\repository\org\springframework\data\spring-data-rest-webmvc\3.3.0.RELEASE\spring-data-rest-webmvc-3.3.0.RELEASE.jar;C:\Users\Anurag\.m2\repository\org\springframework\data\spring-data-rest-core\3.3.0.RELEASE\spring-data-rest-core-3.3.0.RELEASE.jar;C:\Users\Anurag\.m2\repository\org\springframework\hateoas\spring-hateoas\1.1.0.RELEASE\spring-hateoas-1.1.0.RELEASE.jar;C:\Users\Anurag\.m2\repository\org\springframework\plugin\spring-plugin-core\2.0.0.RELEASE\spring-plugin-core-2.0.0.RELEASE.jar;C:\Users\Anurag\.m2\repository\org\atteo\evo-inflector\1.2.2\evo-inflector-1.2.2.jar;C:\Users\Anurag\.m2\repository\com\fasterxml\jackson\core\jackson-annotations\2.11.0\jackson-annotations-2.11.0.jar;C:\Users\Anurag\.m2\repository\org\springframework\boot\spring-boot-starter-web\2.4.0-SNAPSHOT\spring-boot-starter-web-2.4.0-SNAPSHOT.jar;C:\Users\Anurag\.m2\repository\org\springframework\boot\spring-boot-starter-json\2.4.0-SNAPSHOT\spring-boot-starter-json-2.4.0-SNAPSHOT.jar;C:\Users\Anurag\.m2\repository\com\fasterxml\jackson\datatype\jackson-datatype-jdk8\2.11.0\jackson-datatype-jdk8-2.11.0.jar;C:\Users\Anurag\.m2\repository\com\fasterxml\jackson\module\jackson-module-parameter-names\2.11.0\jackson-module-parameter-names-2.11.0.jar;C:\Users\Anurag\.m2\repository\org\springframework\boot\spring-boot-starter-tomcat\2.4.0-SNAPSHOT\spring-boot-starter-tomcat-2.4.0-SNAPSHOT.jar;C:\Users\Anurag\.m2\repository\org\glassfish\jakarta.el\3.0.3\jakarta.el-3.0.3.jar;C:\Users\Anurag\.m2\repository\org\apache\tomcat\embed\tomcat-embed-websocket\9.0.36\tomcat-embed-websocket-9.0.36.jar;C:\Users\Anurag\.m2\repository\org\springframework\spring-web\5.2.6.RELEASE\spring-web-5.2.6.RELEASE.jar;C:\Users\Anurag\.m2\repository\org\springframework\spring-beans\5.2.6.RELEASE\spring-beans-5.2.6.RELEASE.jar;C:\Users\Anurag\.m2\repository\org\springframework\spring-webmvc\5.2.6.RELEASE\spring-webmvc-5.2.6.RELEASE.jar;C:\Users\Anurag\.m2\repository\org\springframework\spring-expression\5.2.6.RELEASE\spring-expression-5.2.6.RELEASE.jar;C:\Users\Anurag\.m2\repository\org\springframework\boot\spring-boot-starter-data-jpa\2.4.0-SNAPSHOT\spring-boot-starter-data-jpa-2.4.0-SNAPSHOT.jar;C:\Users\Anurag\.m2\repository\org\springframework\boot\spring-boot-starter-aop\2.4.0-SNAPSHOT\spring-boot-starter-aop-2.4.0-SNAPSHOT.jar;C:\Users\Anurag\.m2\repository\org\aspectj\aspectjweaver\1.9.5\aspectjweaver-1.9.5.jar;C:\Users\Anurag\.m2\repository\org\springframework\boot\spring-boot-starter-jdbc\2.4.0-SNAPSHOT\spring-boot-starter-jdbc-2.4.0-SNAPSHOT.jar;C:\Users\Anurag\.m2\repository\com\zaxxer\HikariCP\3.4.5\HikariCP-3.4.5.jar;C:\Users\Anurag\.m2\repository\org\springframework\spring-jdbc\5.2.6.RELEASE\spring-jdbc-5.2.6.RELEASE.jar;C:\Users\Anurag\.m2\repository\jakarta\transaction\jakarta.transaction-api\1.3.3\jakarta.transaction-api-1.3.3.jar;C:\Users\Anurag\.m2\repository\jakarta\persistence\jakarta.persistence-api\2.2.3\jakarta.persistence-api-2.2.3.jar;C:\Users\Anurag\.m2\repository\org\hibernate\hibernate-core\5.4.17.Final\hibernate-core-5.4.17.Final.jar;C:\Users\Anurag\.m2\repository\org\jboss\logging\jboss-logging\3.4.1.Final\jboss-logging-3.4.1.Final.jar;C:\Users\Anurag\.m2\repository\org\javassist\javassist\3.24.0-GA\javassist-3.24.0-GA.jar;C:\Users\Anurag\.m2\repository\net\bytebuddy\byte-buddy\1.10.11\byte-buddy-1.10.11.jar;C:\Users\Anurag\.m2\repository\antlr\antlr\2.7.7\antlr-2.7.7.jar;C:\Users\Anurag\.m2\repository\org\jboss\jandex\2.1.3.Final\jandex-2.1.3.Final.jar;C:\Users\Anurag\.m2\repository\com\fasterxml\classmate\1.5.1\classmate-1.5.1.jar;C:\Users\Anurag\.m2\repository\org\dom4j\dom4j\2.1.3\dom4j-2.1.3.jar;C:\Users\Anurag\.m2\repository\org\hibernate\common\hibernate-commons-annotations\5.1.0.Final\hibernate-commons-annotations-5.1.0.Final.jar;C:\Users\Anurag\.m2\repository\org\glassfish\jaxb\jaxb-runtime\2.3.3\jaxb-runtime-2.3.3.jar;C:\Users\Anurag\.m2\repository\org\glassfish\jaxb\txw2\2.3.3\txw2-2.3.3.jar;C:\Users\Anurag\.m2\repository\com\sun\istack\istack-commons-runtime\3.0.11\istack-commons-runtime-3.0.11.jar;C:\Users\Anurag\.m2\repository\com\sun\activation\jakarta.activation\1.2.2\jakarta.activation-1.2.2.jar;C:\Users\Anurag\.m2\repository\org\springframework\data\spring-data-jpa\2.3.0.RELEASE\spring-data-jpa-2.3.0.RELEASE.jar;C:\Users\Anurag\.m2\repository\org\springframework\spring-orm\5.2.6.RELEASE\spring-orm-5.2.6.RELEASE.jar;C:\Users\Anurag\.m2\repository\org\springframework\spring-aspects\5.2.6.RELEASE\spring-aspects-5.2.6.RELEASE.jar;C:\Users\Anurag\.m2\repository\org\springframework\boot\spring-boot-starter-security\2.4.0-SNAPSHOT\spring-boot-starter-security-2.4.0-SNAPSHOT.jar;C:\Users\Anurag\.m2\repository\org\springframework\spring-aop\5.2.6.RELEASE\spring-aop-5.2.6.RELEASE.jar;C:\Users\Anurag\.m2\repository\org\springframework\security\spring-security-config\5.3.2.RELEASE\spring-security-config-5.3.2.RELEASE.jar;C:\Users\Anurag\.m2\repository\org\springframework\security\spring-security-web\5.3.2.RELEASE\spring-security-web-5.3.2.RELEASE.jar;C:\Users\Anurag\.m2\repository\mysql\mysql-connector-java\8.0.20\mysql-connector-java-8.0.20.jar;C:\Users\Anurag\.m2\repository\org\springframework\security\spring-security-test\5.3.2.RELEASE\spring-security-test-5.3.2.RELEASE.jar;C:\Users\Anurag\.m2\repository\org\springframework\security\spring-security-core\5.3.2.RELEASE\spring-security-core-5.3.2.RELEASE.jar;C:\Users\Anurag\.m2\repository\org\springframework\spring-core\5.2.6.RELEASE\spring-core-5.2.6.RELEASE.jar;C:\Users\Anurag\.m2\repository\org\springframework\spring-jcl\5.2.6.RELEASE\spring-jcl-5.2.6.RELEASE.jar;C:\Users\Anurag\.m2\repository\org\springframework\spring-test\5.2.6.RELEASE\spring-test-5.2.6.RELEASE.jar;C:\Users\Anurag\.m2\repository\javax\servlet\jstl\1.2\jstl-1.2.jar;C:\Users\Anurag\.m2\repository\org\apache\tomcat\embed\tomcat-embed-jasper\9.0.36\tomcat-embed-jasper-9.0.36.jar;C:\Users\Anurag\.m2\repository\org\apache\tomcat\embed\tomcat-embed-core\9.0.36\tomcat-embed-core-9.0.36.jar;C:\Users\Anurag\.m2\repository\org\apache\tomcat\tomcat-annotations-api\9.0.36\tomcat-annotations-api-9.0.36.jar;C:\Users\Anurag\.m2\repository\org\apache\tomcat\embed\tomcat-embed-el\9.0.36\tomcat-embed-el-9.0.36.jar;C:\Users\Anurag\.m2\repository\org\eclipse\jdt\ecj\3.18.0\ecj-3.18.0.jar;C:\Users\Anurag\.m2\repository\org\webjars\bootstrap\3.3.6\bootstrap-3.3.6.jar;C:\Users\Anurag\.m2\repository\org\webjars\bootstrap-datepicker\1.0.1\bootstrap-datepicker-1.0.1.jar;C:\Users\Anurag\.m2\repository\org\webjars\jquery\1.9.1\jquery-1.9.1.jar;C:\Users\Anurag\.m2\repository\com\h2database\h2\1.4.200\h2-1.4.200.jar;C:\Users\Anurag\.m2\repository\org\springframework\boot\spring-boot-devtools\2.4.0-SNAPSHOT\spring-boot-devtools-2.4.0-SNAPSHOT.jar;C:\Users\Anurag\.m2\repository\org\springframework\boot\spring-boot\2.4.0-SNAPSHOT\spring-boot-2.4.0-SNAPSHOT.jar;C:\Users\Anurag\.m2\repository\org\springframework\boot\spring-boot-autoconfigure\2.4.0-SNAPSHOT\spring-boot-autoconfigure-2.4.0-SNAPSHOT.jar;C:\Users\Anurag\.m2\repository\org\springframework\boot\spring-boot-starter-test\2.4.0-SNAPSHOT\spring-boot-starter-test-2.4.0-SNAPSHOT.jar;C:\Users\Anurag\.m2\repository\org\springframework\boot\spring-boot-test\2.4.0-SNAPSHOT\spring-boot-test-2.4.0-SNAPSHOT.jar;C:\Users\Anurag\.m2\repository\org\springframework\boot\spring-boot-test-autoconfigure\2.4.0-SNAPSHOT\spring-boot-test-autoconfigure-2.4.0-SNAPSHOT.jar;C:\Users\Anurag\.m2\repository\com\jayway\jsonpath\json-path\2.4.0\json-path-2.4.0.jar;C:\Users\Anurag\.m2\repository\net\minidev\json-smart\2.3\json-smart-2.3.jar;C:\Users\Anurag\.m2\repository\net\minidev\accessors-smart\1.2\accessors-smart-1.2.jar;C:\Users\Anurag\.m2\repository\org\ow2\asm\asm\5.0.4\asm-5.0.4.jar;C:\Users\Anurag\.m2\repository\jakarta\xml\bind\jakarta.xml.bind-api\2.3.3\jakarta.xml.bind-api-2.3.3.jar;C:\Users\Anurag\.m2\repository\jakarta\activation\jakarta.activation-api\1.2.2\jakarta.activation-api-1.2.2.jar;C:\Users\Anurag\.m2\repository\org\assertj\assertj-core\3.16.1\assertj-core-3.16.1.jar;C:\Users\Anurag\.m2\repository\org\hamcrest\hamcrest\2.2\hamcrest-2.2.jar;C:\Users\Anurag\.m2\repository\org\junit\jupiter\junit-jupiter\5.6.2\junit-jupiter-5.6.2.jar;C:\Users\Anurag\.m2\repository\org\junit\jupiter\junit-jupiter-api\5.6.2\junit-jupiter-api-5.6.2.jar;C:\Users\Anurag\.m2\repository\org\apiguardian\apiguardian-api\1.1.0\apiguardian-api-1.1.0.jar;C:\Users\Anurag\.m2\repository\org\opentest4j\opentest4j\1.2.0\opentest4j-1.2.0.jar;C:\Users\Anurag\.m2\repository\org\junit\platform\junit-platform-commons\1.6.2\junit-platform-commons-1.6.2.jar;C:\Users\Anurag\.m2\repository\org\junit\jupiter\junit-jupiter-params\5.6.2\junit-jupiter-params-5.6.2.jar;C:\Users\Anurag\.m2\repository\org\junit\jupiter\junit-jupiter-engine\5.6.2\junit-jupiter-engine-5.6.2.jar;C:\Users\Anurag\.m2\repository\org\junit\platform\junit-platform-engine\1.6.2\junit-platform-engine-1.6.2.jar;C:\Users\Anurag\.m2\repository\org\mockito\mockito-core\3.3.3\mockito-core-3.3.3.jar;C:\Users\Anurag\.m2\repository\net\bytebuddy\byte-buddy-agent\1.10.11\byte-buddy-agent-1.10.11.jar;C:\Users\Anurag\.m2\repository\org\objenesis\objenesis\2.6\objenesis-2.6.jar;C:\Users\Anurag\.m2\repository\org\mockito\mockito-junit-jupiter\3.3.3\mockito-junit-jupiter-3.3.3.jar;C:\Users\Anurag\.m2\repository\org\skyscreamer\jsonassert\1.5.0\jsonassert-1.5.0.jar;C:\Users\Anurag\.m2\repository\com\vaadin\external\google\android-json\0.0.20131108.vaadin1\android-json-0.0.20131108.vaadin1.jar;C:\Users\Anurag\.m2\repository\org\xmlunit\xmlunit-core\2.7.0\xmlunit-core-2.7.0.jar;"/>
    <property name="java.vm.vendor" value="Oracle Corporation"/>
    <property name="sun.arch.data.model" value="64"/>
    <property name="user.variant" value=""/>
    <property name="java.vendor.url" value="http://java.oracle.com/"/>
    <property name="user.timezone" value="Asia/Calcutta"/>
    <property name="java.vm.specification.version" value="1.8"/>
    <property name="os.name" value="Windows 10"/>
    <property name="user.country" value="IN"/>
    <property name="sun.java.launcher" value="SUN_STANDARD"/>
    <property name="sun.boot.library.path" value="C:\Program Files\Java\jdk1.8.0_65\jre\bin"/>
    <property name="sun.java.command" value="C:\Users\Anurag\AppData\Local\Temp\surefire8712657193360303886\surefirebooter6970750328264675011.jar C:\Users\Anurag\AppData\Local\Temp\surefire8712657193360303886 2020-06-20T09-52-12_166-jvmRun1 surefire6767141091139451779tmp surefire_0990031598733321293tmp"/>
    <property name="surefire.test.class.path" value="E:\java\UserRegistration\target\test-classes;E:\java\UserRegistration\target\classes;C:\Users\Anurag\.m2\repository\org\springframework\boot\spring-boot-starter-actuator\2.4.0-SNAPSHOT\spring-boot-starter-actuator-2.4.0-SNAPSHOT.jar;C:\Users\Anurag\.m2\repository\org\springframework\boot\spring-boot-starter\2.4.0-SNAPSHOT\spring-boot-starter-2.4.0-SNAPSHOT.jar;C:\Users\Anurag\.m2\repository\org\springframework\boot\spring-boot-starter-logging\2.4.0-SNAPSHOT\spring-boot-starter-logging-2.4.0-SNAPSHOT.jar;C:\Users\Anurag\.m2\repository\ch\qos\logback\logback-classic\1.2.3\logback-classic-1.2.3.jar;C:\Users\Anurag\.m2\repository\ch\qos\logback\logback-core\1.2.3\logback-core-1.2.3.jar;C:\Users\Anurag\.m2\repository\org\apache\logging\log4j\log4j-to-slf4j\2.13.3\log4j-to-slf4j-2.13.3.jar;C:\Users\Anurag\.m2\repository\org\apache\logging\log4j\log4j-api\2.13.3\log4j-api-2.13.3.jar;C:\Users\Anurag\.m2\repository\org\slf4j\jul-to-slf4j\1.7.30\jul-to-slf4j-1.7.30.jar;C:\Users\Anurag\.m2\repository\jakarta\annotation\jakarta.annotation-api\1.3.5\jakarta.annotation-api-1.3.5.jar;C:\Users\Anurag\.m2\repository\org\yaml\snakeyaml\1.26\snakeyaml-1.26.jar;C:\Users\Anurag\.m2\repository\org\springframework\boot\spring-boot-actuator-autoconfigure\2.4.0-SNAPSHOT\spring-boot-actuator-autoconfigure-2.4.0-SNAPSHOT.jar;C:\Users\Anurag\.m2\repository\org\springframework\boot\spring-boot-actuator\2.4.0-SNAPSHOT\spring-boot-actuator-2.4.0-SNAPSHOT.jar;C:\Users\Anurag\.m2\repository\com\fasterxml\jackson\core\jackson-databind\2.11.0\jackson-databind-2.11.0.jar;C:\Users\Anurag\.m2\repository\com\fasterxml\jackson\datatype\jackson-datatype-jsr310\2.11.0\jackson-datatype-jsr310-2.11.0.jar;C:\Users\Anurag\.m2\repository\io\micrometer\micrometer-core\1.5.1\micrometer-core-1.5.1.jar;C:\Users\Anurag\.m2\repository\org\hdrhistogram\HdrHistogram\2.1.12\HdrHistogram-2.1.12.jar;C:\Users\Anurag\.m2\repository\org\latencyutils\LatencyUtils\2.0.3\LatencyUtils-2.0.3.jar;C:\Users\Anurag\.m2\repository\org\springframework\boot\spring-boot-starter-data-elasticsearch\2.4.0-SNAPSHOT\spring-boot-starter-data-elasticsearch-2.4.0-SNAPSHOT.jar;C:\Users\Anurag\.m2\repository\org\springframework\data\spring-data-elasticsearch\4.0.0.RELEASE\spring-data-elasticsearch-4.0.0.RELEASE.jar;C:\Users\Anurag\.m2\repository\org\springframework\spring-context\5.2.6.RELEASE\spring-context-5.2.6.RELEASE.jar;C:\Users\Anurag\.m2\repository\org\springframework\spring-tx\5.2.6.RELEASE\spring-tx-5.2.6.RELEASE.jar;C:\Users\Anurag\.m2\repository\org\springframework\data\spring-data-commons\2.3.0.RELEASE\spring-data-commons-2.3.0.RELEASE.jar;C:\Users\Anurag\.m2\repository\org\elasticsearch\plugin\transport-netty4-client\7.7.1\transport-netty4-client-7.7.1.jar;C:\Users\Anurag\.m2\repository\io\netty\netty-buffer\4.1.50.Final\netty-buffer-4.1.50.Final.jar;C:\Users\Anurag\.m2\repository\io\netty\netty-codec\4.1.50.Final\netty-codec-4.1.50.Final.jar;C:\Users\Anurag\.m2\repository\io\netty\netty-codec-http\4.1.50.Final\netty-codec-http-4.1.50.Final.jar;C:\Users\Anurag\.m2\repository\io\netty\netty-common\4.1.50.Final\netty-common-4.1.50.Final.jar;C:\Users\Anurag\.m2\repository\io\netty\netty-handler\4.1.50.Final\netty-handler-4.1.50.Final.jar;C:\Users\Anurag\.m2\repository\io\netty\netty-resolver\4.1.50.Final\netty-resolver-4.1.50.Final.jar;C:\Users\Anurag\.m2\repository\io\netty\netty-transport\4.1.50.Final\netty-transport-4.1.50.Final.jar;C:\Users\Anurag\.m2\repository\org\elasticsearch\client\elasticsearch-rest-high-level-client\7.7.1\elasticsearch-rest-high-level-client-7.7.1.jar;C:\Users\Anurag\.m2\repository\org\elasticsearch\elasticsearch\7.7.1\elasticsearch-7.7.1.jar;C:\Users\Anurag\.m2\repository\org\elasticsearch\elasticsearch-core\7.7.1\elasticsearch-core-7.7.1.jar;C:\Users\Anurag\.m2\repository\org\elasticsearch\elasticsearch-secure-sm\7.7.1\elasticsearch-secure-sm-7.7.1.jar;C:\Users\Anurag\.m2\repository\org\elasticsearch\elasticsearch-x-content\7.7.1\elasticsearch-x-content-7.7.1.jar;C:\Users\Anurag\.m2\repository\com\fasterxml\jackson\dataformat\jackson-dataformat-smile\2.11.0\jackson-dataformat-smile-2.11.0.jar;C:\Users\Anurag\.m2\repository\com\fasterxml\jackson\dataformat\jackson-dataformat-yaml\2.11.0\jackson-dataformat-yaml-2.11.0.jar;C:\Users\Anurag\.m2\repository\com\fasterxml\jackson\dataformat\jackson-dataformat-cbor\2.11.0\jackson-dataformat-cbor-2.11.0.jar;C:\Users\Anurag\.m2\repository\org\elasticsearch\elasticsearch-geo\7.7.1\elasticsearch-geo-7.7.1.jar;C:\Users\Anurag\.m2\repository\org\apache\lucene\lucene-core\8.5.1\lucene-core-8.5.1.jar;C:\Users\Anurag\.m2\repository\org\apache\lucene\lucene-analyzers-common\8.5.1\lucene-analyzers-common-8.5.1.jar;C:\Users\Anurag\.m2\repository\org\apache\lucene\lucene-backward-codecs\8.5.1\lucene-backward-codecs-8.5.1.jar;C:\Users\Anurag\.m2\repository\org\apache\lucene\lucene-grouping\8.5.1\lucene-grouping-8.5.1.jar;C:\Users\Anurag\.m2\repository\org\apache\lucene\lucene-highlighter\8.5.1\lucene-highlighter-8.5.1.jar;C:\Users\Anurag\.m2\repository\org\apache\lucene\lucene-join\8.5.1\lucene-join-8.5.1.jar;C:\Users\Anurag\.m2\repository\org\apache\lucene\lucene-memory\8.5.1\lucene-memory-8.5.1.jar;C:\Users\Anurag\.m2\repository\org\apache\lucene\lucene-misc\8.5.1\lucene-misc-8.5.1.jar;C:\Users\Anurag\.m2\repository\org\apache\lucene\lucene-queries\8.5.1\lucene-queries-8.5.1.jar;C:\Users\Anurag\.m2\repository\org\apache\lucene\lucene-queryparser\8.5.1\lucene-queryparser-8.5.1.jar;C:\Users\Anurag\.m2\repository\org\apache\lucene\lucene-sandbox\8.5.1\lucene-sandbox-8.5.1.jar;C:\Users\Anurag\.m2\repository\org\apache\lucene\lucene-spatial-extras\8.5.1\lucene-spatial-extras-8.5.1.jar;C:\Users\Anurag\.m2\repository\org\apache\lucene\lucene-spatial3d\8.5.1\lucene-spatial3d-8.5.1.jar;C:\Users\Anurag\.m2\repository\org\apache\lucene\lucene-suggest\8.5.1\lucene-suggest-8.5.1.jar;C:\Users\Anurag\.m2\repository\org\elasticsearch\elasticsearch-cli\7.7.1\elasticsearch-cli-7.7.1.jar;C:\Users\Anurag\.m2\repository\net\sf\jopt-simple\jopt-simple\5.0.2\jopt-simple-5.0.2.jar;C:\Users\Anurag\.m2\repository\com\carrotsearch\hppc\0.8.1\hppc-0.8.1.jar;C:\Users\Anurag\.m2\repository\joda-time\joda-time\2.10.4\joda-time-2.10.4.jar;C:\Users\Anurag\.m2\repository\com\tdunning\t-digest\3.2\t-digest-3.2.jar;C:\Users\Anurag\.m2\repository\org\elasticsearch\jna\4.5.1\jna-4.5.1.jar;C:\Users\Anurag\.m2\repository\org\elasticsearch\client\elasticsearch-rest-client\7.7.1\elasticsearch-rest-client-7.7.1.jar;C:\Users\Anurag\.m2\repository\org\apache\httpcomponents\httpclient\4.5.12\httpclient-4.5.12.jar;C:\Users\Anurag\.m2\repository\org\apache\httpcomponents\httpcore\4.4.13\httpcore-4.4.13.jar;C:\Users\Anurag\.m2\repository\org\apache\httpcomponents\httpasyncclient\4.1.4\httpasyncclient-4.1.4.jar;C:\Users\Anurag\.m2\repository\org\apache\httpcomponents\httpcore-nio\4.4.13\httpcore-nio-4.4.13.jar;C:\Users\Anurag\.m2\repository\commons-codec\commons-codec\1.14\commons-codec-1.14.jar;C:\Users\Anurag\.m2\repository\org\elasticsearch\plugin\mapper-extras-client\7.7.1\mapper-extras-client-7.7.1.jar;C:\Users\Anurag\.m2\repository\org\elasticsearch\plugin\parent-join-client\7.7.1\parent-join-client-7.7.1.jar;C:\Users\Anurag\.m2\repository\org\elasticsearch\plugin\aggs-matrix-stats-client\7.7.1\aggs-matrix-stats-client-7.7.1.jar;C:\Users\Anurag\.m2\repository\org\elasticsearch\plugin\rank-eval-client\7.7.1\rank-eval-client-7.7.1.jar;C:\Users\Anurag\.m2\repository\org\elasticsearch\plugin\lang-mustache-client\7.7.1\lang-mustache-client-7.7.1.jar;C:\Users\Anurag\.m2\repository\com\github\spullara\mustache\java\compiler\0.9.6\compiler-0.9.6.jar;C:\Users\Anurag\.m2\repository\com\fasterxml\jackson\core\jackson-core\2.11.0\jackson-core-2.11.0.jar;C:\Users\Anurag\.m2\repository\org\slf4j\slf4j-api\1.7.30\slf4j-api-1.7.30.jar;C:\Users\Anurag\.m2\repository\org\springframework\boot\spring-boot-starter-data-rest\2.4.0-SNAPSHOT\spring-boot-starter-data-rest-2.4.0-SNAPSHOT.jar;C:\Users\Anurag\.m2\repository\org\springframework\data\spring-data-rest-webmvc\3.3.0.RELEASE\spring-data-rest-webmvc-3.3.0.RELEASE.jar;C:\Users\Anurag\.m2\repository\org\springframework\data\spring-data-rest-core\3.3.0.RELEASE\spring-data-rest-core-3.3.0.RELEASE.jar;C:\Users\Anurag\.m2\repository\org\springframework\hateoas\spring-hateoas\1.1.0.RELEASE\spring-hateoas-1.1.0.RELEASE.jar;C:\Users\Anurag\.m2\repository\org\springframework\plugin\spring-plugin-core\2.0.0.RELEASE\spring-plugin-core-2.0.0.RELEASE.jar;C:\Users\Anurag\.m2\repository\org\atteo\evo-inflector\1.2.2\evo-inflector-1.2.2.jar;C:\Users\Anurag\.m2\repository\com\fasterxml\jackson\core\jackson-annotations\2.11.0\jackson-annotations-2.11.0.jar;C:\Users\Anurag\.m2\repository\org\springframework\boot\spring-boot-starter-web\2.4.0-SNAPSHOT\spring-boot-starter-web-2.4.0-SNAPSHOT.jar;C:\Users\Anurag\.m2\repository\org\springframework\boot\spring-boot-starter-json\2.4.0-SNAPSHOT\spring-boot-starter-json-2.4.0-SNAPSHOT.jar;C:\Users\Anurag\.m2\repository\com\fasterxml\jackson\datatype\jackson-datatype-jdk8\2.11.0\jackson-datatype-jdk8-2.11.0.jar;C:\Users\Anurag\.m2\repository\com\fasterxml\jackson\module\jackson-module-parameter-names\2.11.0\jackson-module-parameter-names-2.11.0.jar;C:\Users\Anurag\.m2\repository\org\springframework\boot\spring-boot-starter-tomcat\2.4.0-SNAPSHOT\spring-boot-starter-tomcat-2.4.0-SNAPSHOT.jar;C:\Users\Anurag\.m2\repository\org\glassfish\jakarta.el\3.0.3\jakarta.el-3.0.3.jar;C:\Users\Anurag\.m2\repository\org\apache\tomcat\embed\tomcat-embed-websocket\9.0.36\tomcat-embed-websocket-9.0.36.jar;C:\Users\Anurag\.m2\repository\org\springframework\spring-web\5.2.6.RELEASE\spring-web-5.2.6.RELEASE.jar;C:\Users\Anurag\.m2\repository\org\springframework\spring-beans\5.2.6.RELEASE\spring-beans-5.2.6.RELEASE.jar;C:\Users\Anurag\.m2\repository\org\springframework\spring-webmvc\5.2.6.RELEASE\spring-webmvc-5.2.6.RELEASE.jar;C:\Users\Anurag\.m2\repository\org\springframework\spring-expression\5.2.6.RELEASE\spring-expression-5.2.6.RELEASE.jar;C:\Users\Anurag\.m2\repository\org\springframework\boot\spring-boot-starter-data-jpa\2.4.0-SNAPSHOT\spring-boot-starter-data-jpa-2.4.0-SNAPSHOT.jar;C:\Users\Anurag\.m2\repository\org\springframework\boot\spring-boot-starter-aop\2.4.0-SNAPSHOT\spring-boot-starter-aop-2.4.0-SNAPSHOT.jar;C:\Users\Anurag\.m2\repository\org\aspectj\aspectjweaver\1.9.5\aspectjweaver-1.9.5.jar;C:\Users\Anurag\.m2\repository\org\springframework\boot\spring-boot-starter-jdbc\2.4.0-SNAPSHOT\spring-boot-starter-jdbc-2.4.0-SNAPSHOT.jar;C:\Users\Anurag\.m2\repository\com\zaxxer\HikariCP\3.4.5\HikariCP-3.4.5.jar;C:\Users\Anurag\.m2\repository\org\springframework\spring-jdbc\5.2.6.RELEASE\spring-jdbc-5.2.6.RELEASE.jar;C:\Users\Anurag\.m2\repository\jakarta\transaction\jakarta.transaction-api\1.3.3\jakarta.transaction-api-1.3.3.jar;C:\Users\Anurag\.m2\repository\jakarta\persistence\jakarta.persistence-api\2.2.3\jakarta.persistence-api-2.2.3.jar;C:\Users\Anurag\.m2\repository\org\hibernate\hibernate-core\5.4.17.Final\hibernate-core-5.4.17.Final.jar;C:\Users\Anurag\.m2\repository\org\jboss\logging\jboss-logging\3.4.1.Final\jboss-logging-3.4.1.Final.jar;C:\Users\Anurag\.m2\repository\org\javassist\javassist\3.24.0-GA\javassist-3.24.0-GA.jar;C:\Users\Anurag\.m2\repository\net\bytebuddy\byte-buddy\1.10.11\byte-buddy-1.10.11.jar;C:\Users\Anurag\.m2\repository\antlr\antlr\2.7.7\antlr-2.7.7.jar;C:\Users\Anurag\.m2\repository\org\jboss\jandex\2.1.3.Final\jandex-2.1.3.Final.jar;C:\Users\Anurag\.m2\repository\com\fasterxml\classmate\1.5.1\classmate-1.5.1.jar;C:\Users\Anurag\.m2\repository\org\dom4j\dom4j\2.1.3\dom4j-2.1.3.jar;C:\Users\Anurag\.m2\repository\org\hibernate\common\hibernate-commons-annotations\5.1.0.Final\hibernate-commons-annotations-5.1.0.Final.jar;C:\Users\Anurag\.m2\repository\org\glassfish\jaxb\jaxb-runtime\2.3.3\jaxb-runtime-2.3.3.jar;C:\Users\Anurag\.m2\repository\org\glassfish\jaxb\txw2\2.3.3\txw2-2.3.3.jar;C:\Users\Anurag\.m2\repository\com\sun\istack\istack-commons-runtime\3.0.11\istack-commons-runtime-3.0.11.jar;C:\Users\Anurag\.m2\repository\com\sun\activation\jakarta.activation\1.2.2\jakarta.activation-1.2.2.jar;C:\Users\Anurag\.m2\repository\org\springframework\data\spring-data-jpa\2.3.0.RELEASE\spring-data-jpa-2.3.0.RELEASE.jar;C:\Users\Anurag\.m2\repository\org\springframework\spring-orm\5.2.6.RELEASE\spring-orm-5.2.6.RELEASE.jar;C:\Users\Anurag\.m2\repository\org\springframework\spring-aspects\5.2.6.RELEASE\spring-aspects-5.2.6.RELEASE.jar;C:\Users\Anurag\.m2\repository\org\springframework\boot\spring-boot-starter-security\2.4.0-SNAPSHOT\spring-boot-starter-security-2.4.0-SNAPSHOT.jar;C:\Users\Anurag\.m2\repository\org\springframework\spring-aop\5.2.6.RELEASE\spring-aop-5.2.6.RELEASE.jar;C:\Users\Anurag\.m2\repository\org\springframework\security\spring-security-config\5.3.2.RELEASE\spring-security-config-5.3.2.RELEASE.jar;C:\Users\Anurag\.m2\repository\org\springframework\security\spring-security-web\5.3.2.RELEASE\spring-security-web-5.3.2.RELEASE.jar;C:\Users\Anurag\.m2\repository\mysql\mysql-connector-java\8.0.20\mysql-connector-java-8.0.20.jar;C:\Users\Anurag\.m2\repository\org\springframework\security\spring-security-test\5.3.2.RELEASE\spring-security-test-5.3.2.RELEASE.jar;C:\Users\Anurag\.m2\repository\org\springframework\security\spring-security-core\5.3.2.RELEASE\spring-security-core-5.3.2.RELEASE.jar;C:\Users\Anurag\.m2\repository\org\springframework\spring-core\5.2.6.RELEASE\spring-core-5.2.6.RELEASE.jar;C:\Users\Anurag\.m2\repository\org\springframework\spring-jcl\5.2.6.RELEASE\spring-jcl-5.2.6.RELEASE.jar;C:\Users\Anurag\.m2\repository\org\springframework\spring-test\5.2.6.RELEASE\spring-test-5.2.6.RELEASE.jar;C:\Users\Anurag\.m2\repository\javax\servlet\jstl\1.2\jstl-1.2.jar;C:\Users\Anurag\.m2\repository\org\apache\tomcat\embed\tomcat-embed-jasper\9.0.36\tomcat-embed-jasper-9.0.36.jar;C:\Users\Anurag\.m2\repository\org\apache\tomcat\embed\tomcat-embed-core\9.0.36\tomcat-embed-core-9.0.36.jar;C:\Users\Anurag\.m2\repository\org\apache\tomcat\tomcat-annotations-api\9.0.36\tomcat-annotations-api-9.0.36.jar;C:\Users\Anurag\.m2\repository\org\apache\tomcat\embed\tomcat-embed-el\9.0.36\tomcat-embed-el-9.0.36.jar;C:\Users\Anurag\.m2\repository\org\eclipse\jdt\ecj\3.18.0\ecj-3.18.0.jar;C:\Users\Anurag\.m2\repository\org\webjars\bootstrap\3.3.6\bootstrap-3.3.6.jar;C:\Users\Anurag\.m2\repository\org\webjars\bootstrap-datepicker\1.0.1\bootstrap-datepicker-1.0.1.jar;C:\Users\Anurag\.m2\repository\org\webjars\jquery\1.9.1\jquery-1.9.1.jar;C:\Users\Anurag\.m2\repository\com\h2database\h2\1.4.200\h2-1.4.200.jar;C:\Users\Anurag\.m2\repository\org\springframework\boot\spring-boot-devtools\2.4.0-SNAPSHOT\spring-boot-devtools-2.4.0-SNAPSHOT.jar;C:\Users\Anurag\.m2\repository\org\springframework\boot\spring-boot\2.4.0-SNAPSHOT\spring-boot-2.4.0-SNAPSHOT.jar;C:\Users\Anurag\.m2\repository\org\springframework\boot\spring-boot-autoconfigure\2.4.0-SNAPSHOT\spring-boot-autoconfigure-2.4.0-SNAPSHOT.jar;C:\Users\Anurag\.m2\repository\org\springframework\boot\spring-boot-starter-test\2.4.0-SNAPSHOT\spring-boot-starter-test-2.4.0-SNAPSHOT.jar;C:\Users\Anurag\.m2\repository\org\springframework\boot\spring-boot-test\2.4.0-SNAPSHOT\spring-boot-test-2.4.0-SNAPSHOT.jar;C:\Users\Anurag\.m2\repository\org\springframework\boot\spring-boot-test-autoconfigure\2.4.0-SNAPSHOT\spring-boot-test-autoconfigure-2.4.0-SNAPSHOT.jar;C:\Users\Anurag\.m2\repository\com\jayway\jsonpath\json-path\2.4.0\json-path-2.4.0.jar;C:\Users\Anurag\.m2\repository\net\minidev\json-smart\2.3\json-smart-2.3.jar;C:\Users\Anurag\.m2\repository\net\minidev\accessors-smart\1.2\accessors-smart-1.2.jar;C:\Users\Anurag\.m2\repository\org\ow2\asm\asm\5.0.4\asm-5.0.4.jar;C:\Users\Anurag\.m2\repository\jakarta\xml\bind\jakarta.xml.bind-api\2.3.3\jakarta.xml.bind-api-2.3.3.jar;C:\Users\Anurag\.m2\repository\jakarta\activation\jakarta.activation-api\1.2.2\jakarta.activation-api-1.2.2.jar;C:\Users\Anurag\.m2\repository\org\assertj\assertj-core\3.16.1\assertj-core-3.16.1.jar;C:\Users\Anurag\.m2\repository\org\hamcrest\hamcrest\2.2\hamcrest-2.2.jar;C:\Users\Anurag\.m2\repository\org\junit\jupiter\junit-jupiter\5.6.2\junit-jupiter-5.6.2.jar;C:\Users\Anurag\.m2\repository\org\junit\jupiter\junit-jupiter-api\5.6.2\junit-jupiter-api-5.6.2.jar;C:\Users\Anurag\.m2\repository\org\apiguardian\apiguardian-api\1.1.0\apiguardian-api-1.1.0.jar;C:\Users\Anurag\.m2\repository\org\opentest4j\opentest4j\1.2.0\opentest4j-1.2.0.jar;C:\Users\Anurag\.m2\repository\org\junit\platform\junit-platform-commons\1.6.2\junit-platform-commons-1.6.2.jar;C:\Users\Anurag\.m2\repository\org\junit\jupiter\junit-jupiter-params\5.6.2\junit-jupiter-params-5.6.2.jar;C:\Users\Anurag\.m2\repository\org\junit\jupiter\junit-jupiter-engine\5.6.2\junit-jupiter-engine-5.6.2.jar;C:\Users\Anurag\.m2\repository\org\junit\platform\junit-platform-engine\1.6.2\junit-platform-engine-1.6.2.jar;C:\Users\Anurag\.m2\repository\org\mockito\mockito-core\3.3.3\mockito-core-3.3.3.jar;C:\Users\Anurag\.m2\repository\net\bytebuddy\byte-buddy-agent\1.10.11\byte-buddy-agent-1.10.11.jar;C:\Users\Anurag\.m2\repository\org\objenesis\objenesis\2.6\objenesis-2.6.jar;C:\Users\Anurag\.m2\repository\org\mockito\mockito-junit-jupiter\3.3.3\mockito-junit-jupiter-3.3.3.jar;C:\Users\Anurag\.m2\repository\org\skyscreamer\jsonassert\1.5.0\jsonassert-1.5.0.jar;C:\Users\Anurag\.m2\repository\com\vaadin\external\google\android-json\0.0.20131108.vaadin1\android-json-0.0.20131108.vaadin1.jar;C:\Users\Anurag\.m2\repository\org\xmlunit\xmlunit-core\2.7.0\xmlunit-core-2.7.0.jar;"/>
    <property name="sun.cpu.endian" value="little"/>
    <property name="user.home" value="C:\Users\Anurag"/>
    <property name="user.language" value="en"/>
    <property name="java.specification.vendor" value="Oracle Corporation"/>
    <property name="java.home" value="C:\Program Files\Java\jdk1.8.0_65\jre"/>
    <property name="basedir" value="E:\java\UserRegistration"/>
    <property name="file.separator" value="\"/>
    <property name="line.separator" value="&#10;"/>
    <property name="java.vm.specification.vendor" value="Oracle Corporation"/>
    <property name="java.specification.name" value="Java Platform API Specification"/>
    <property name="java.awt.graphicsenv" value="sun.awt.Win32GraphicsEnvironment"/>
    <property name="surefire.real.class.path" value="C:\Users\Anurag\AppData\Local\Temp\surefire8712657193360303886\surefirebooter6970750328264675011.jar"/>
    <property name="sun.boot.class.path" value="C:\Program Files\Java\jdk1.8.0_65\jre\lib\resources.jar;C:\Program Files\Java\jdk1.8.0_65\jre\lib\rt.jar;C:\Program Files\Java\jdk1.8.0_65\jre\lib\sunrsasign.jar;C:\Program Files\Java\jdk1.8.0_65\jre\lib\jsse.jar;C:\Program Files\Java\jdk1.8.0_65\jre\lib\jce.jar;C:\Program Files\Java\jdk1.8.0_65\jre\lib\charsets.jar;C:\Program Files\Java\jdk1.8.0_65\jre\lib\jfr.jar;C:\Program Files\Java\jdk1.8.0_65\jre\classes"/>
    <property name="user.script" value=""/>
    <property name="sun.management.compiler" value="HotSpot 64-Bit Tiered Compilers"/>
    <property name="java.runtime.version" value="1.8.0_65-b17"/>
    <property name="user.name" value="Anurag"/>
    <property name="path.separator" value=";"/>
    <property name="os.version" value="10.0"/>
    <property name="java.endorsed.dirs" value="C:\Program Files\Java\jdk1.8.0_65\jre\lib\endorsed"/>
    <property name="java.runtime.name" value="Java(TM) SE Runtime Environment"/>
    <property name="file.encoding" value="Cp1252"/>
    <property name="java.vm.name" value="Java HotSpot(TM) 64-Bit Server VM"/>
    <property name="localRepository" value="C:\Users\Anurag\.m2\repository"/>
    <property name="java.vendor.url.bug" value="http://bugreport.sun.com/bugreport/"/>
    <property name="java.io.tmpdir" value="C:\Users\Anurag\AppData\Local\Temp\"/>
    <property name="java.version" value="1.8.0_65"/>
    <property name="user.dir" value="E:\java\UserRegistration"/>
    <property name="os.arch" value="amd64"/>
    <property name="java.vm.specification.name" value="Java Virtual Machine Specification"/>
    <property name="java.awt.printerjob" value="sun.awt.windows.WPrinterJob"/>
    <property name="sun.os.patch.level" value=""/>
    <property name="java.library.path" value="C:\Program Files\Java\jdk1.8.0_65\jre\bin;C:\WINDOWS\Sun\Java\bin;C:\WINDOWS\system32;C:\WINDOWS;C:/Program Files/Java/jdk1.8.0_65/jre/bin/server;C:/Program Files/Java/jdk1.8.0_65/jre/bin;C:/Program Files/Java/jdk1.8.0_65/jre/lib/amd64;C:\oraclexe\app\oracle\product\11.2.0\server\bin;C:\ProgramData\Oracle\Java\javapath;C:\Program Files\Java\jdk1.8.0_65\bin;C:\Program Files\apache-maven-3.6.3\bin;C:\Program Files (x86)\Common Files\Oracle\Java\javapath;C:\Users\Anurag\Anaconda3\envs\Iris_2;C:\Users\Anurag\Anaconda3\Scripts;C:\WINDOWS\system32;C:\WINDOWS;C:\WINDOWS\System32\Wbem;C:\WINDOWS\System32\WindowsPowerShell\v1.0\;C:\WINDOWS\System32\OpenSSH\;C:\Program Files\Git\cmd;C:\Program Files (x86)\Windows Live\Shared;C:\Users\Anurag\AppData\Local\Microsoft\WindowsApps;;C:\Program Files\JetBrains\PyCharm Community Edition 2020.1.1\bin;;C:\Program Files\JetBrains\IntelliJ IDEA Educational Edition 2020.1.1\bin;;C:\Program Files\JetBrains\IntelliJ IDEA Community Edition 2020.1.1\bin;;C:\Users\Anurag\Desktop;;."/>
    <property name="java.vm.info" value="mixed mode"/>
    <property name="java.vendor" value="Oracle Corporation"/>
    <property name="java.vm.version" value="25.65-b01"/>
    <property name="java.ext.dirs" value="C:\Program Files\Java\jdk1.8.0_65\jre\lib\ext;C:\WINDOWS\Sun\Java\lib\ext"/>
    <property name="sun.io.unicode.encoding" value="UnicodeLittle"/>
    <property name="java.class.version" value="52.0"/>
  </properties>
  <testcase name="contextLoads" classname="com.userRegistration.UserRegistration.UserRegistrationApplicationTests" time="0.002">
    <error message="Failed to load ApplicationContext" type="java.lang.IllegalStateException">java.lang.IllegalStateException: Failed to load ApplicationContext
Caused by: org.springframework.boot.context.properties.bind.BindException: Failed to bind properties under 'logging.level.root' to org.springframework.boot.logging.LogLevel
Caused by: org.springframework.core.convert.ConversionFailedException: Failed to convert from type [java.lang.String] to type [org.springframework.boot.logging.LogLevel] for value 'INFO,ERROR'; nested exception is java.lang.IllegalArgumentException: No enum constant org.springframework.boot.logging.LogLevel.INFO,ERROR
Caused by: java.lang.IllegalArgumentException: No enum constant org.springframework.boot.logging.LogLevel.INFO,ERROR
</error>
    <system-out><![CDATA[09:52:21.789 [main] DEBUG org.springframework.test.context.BootstrapUtils - Instantiating CacheAwareContextLoaderDelegate from class [org.springframework.test.context.cache.DefaultCacheAwareContextLoaderDelegate]
09:52:21.838 [main] DEBUG org.springframework.test.context.BootstrapUtils - Instantiating BootstrapContext using constructor [public org.springframework.test.context.support.DefaultBootstrapContext(java.lang.Class,org.springframework.test.context.CacheAwareContextLoaderDelegate)]
09:52:22.156 [main] DEBUG org.springframework.test.context.BootstrapUtils - Instantiating TestContextBootstrapper for test class [com.userRegistration.UserRegistration.UserRegistrationApplicationTests] from class [org.springframework.boot.test.context.SpringBootTestContextBootstrapper]
09:52:22.295 [main] INFO org.springframework.boot.test.context.SpringBootTestContextBootstrapper - Neither @ContextConfiguration nor @ContextHierarchy found for test class [com.userRegistration.UserRegistration.UserRegistrationApplicationTests], using SpringBootContextLoader
09:52:22.305 [main] DEBUG org.springframework.test.context.support.AbstractContextLoader - Did not detect default resource location for test class [com.userRegistration.UserRegistration.UserRegistrationApplicationTests]: class path resource [com/userRegistration/UserRegistration/UserRegistrationApplicationTests-context.xml] does not exist
09:52:22.309 [main] DEBUG org.springframework.test.context.support.AbstractContextLoader - Did not detect default resource location for test class [com.userRegistration.UserRegistration.UserRegistrationApplicationTests]: class path resource [com/userRegistration/UserRegistration/UserRegistrationApplicationTestsContext.groovy] does not exist
09:52:22.309 [main] INFO org.springframework.test.context.support.AbstractContextLoader - Could not detect default resource locations for test class [com.userRegistration.UserRegistration.UserRegistrationApplicationTests]: no resource found for suffixes {-context.xml, Context.groovy}.
09:52:22.328 [main] INFO org.springframework.test.context.support.AnnotationConfigContextLoaderUtils - Could not detect default configuration classes for test class [com.userRegistration.UserRegistration.UserRegistrationApplicationTests]: UserRegistrationApplicationTests does not declare any static, non-private, non-final, nested classes annotated with @Configuration.
09:52:22.715 [main] DEBUG org.springframework.test.context.support.ActiveProfilesUtils - Could not find an 'annotation declaring class' for annotation type [org.springframework.test.context.ActiveProfiles] and class [com.userRegistration.UserRegistration.UserRegistrationApplicationTests]
09:52:23.357 [main] DEBUG org.springframework.context.annotation.ClassPathScanningCandidateComponentProvider - Identified candidate component class: file [E:\java\UserRegistration\target\classes\com\userRegistration\UserRegistration\UserRegistrationApplication.class]
09:52:23.360 [main] INFO org.springframework.boot.test.context.SpringBootTestContextBootstrapper - Found @SpringBootConfiguration com.userRegistration.UserRegistration.UserRegistrationApplication for test class com.userRegistration.UserRegistration.UserRegistrationApplicationTests
09:52:23.976 [main] DEBUG org.springframework.boot.test.context.SpringBootTestContextBootstrapper - @TestExecutionListeners is not present for class [com.userRegistration.UserRegistration.UserRegistrationApplicationTests]: using defaults.
09:52:23.978 [main] INFO org.springframework.boot.test.context.SpringBootTestContextBootstrapper - Loaded default TestExecutionListener class names from location [META-INF/spring.factories]: [org.springframework.security.test.context.support.WithSecurityContextTestExecutionListener, org.springframework.security.test.context.support.ReactorContextTestExecutionListener, org.springframework.test.context.web.ServletTestExecutionListener, org.springframework.test.context.support.DirtiesContextBeforeModesTestExecutionListener, org.springframework.test.context.support.DependencyInjectionTestExecutionListener, org.springframework.test.context.support.DirtiesContextTestExecutionListener, org.springframework.test.context.transaction.TransactionalTestExecutionListener, org.springframework.test.context.jdbc.SqlScriptsTestExecutionListener, org.springframework.test.context.event.EventPublishingTestExecutionListener, org.springframework.boot.test.mock.mockito.MockitoTestExecutionListener, org.springframework.boot.test.mock.mockito.ResetMocksTestExecutionListener, org.springframework.boot.test.autoconfigure.restdocs.RestDocsTestExecutionListener, org.springframework.boot.test.autoconfigure.web.client.MockRestServiceServerResetTestExecutionListener, org.springframework.boot.test.autoconfigure.web.servlet.MockMvcPrintOnlyOnFailureTestExecutionListener, org.springframework.boot.test.autoconfigure.web.servlet.WebDriverTestExecutionListener, org.springframework.boot.test.autoconfigure.webservices.client.MockWebServiceServerTestExecutionListener]
09:52:24.229 [main] INFO org.springframework.boot.test.context.SpringBootTestContextBootstrapper - Using TestExecutionListeners: [org.springframework.test.context.web.ServletTestExecutionListener@1c9b0314, org.springframework.test.context.support.DirtiesContextBeforeModesTestExecutionListener@45385f75, org.springframework.boot.test.mock.mockito.MockitoTestExecutionListener@49c90a9c, org.springframework.boot.test.autoconfigure.SpringBootDependencyInjectionTestExecutionListener@2d29b4ee, org.springframework.test.context.support.DirtiesContextTestExecutionListener@69ee81fc, org.springframework.test.context.transaction.TransactionalTestExecutionListener@6e2aa843, org.springframework.test.context.jdbc.SqlScriptsTestExecutionListener@6f36c2f0, org.springframework.security.test.context.support.WithSecurityContextTestExecutionListener@f58853c, org.springframework.test.context.event.EventPublishingTestExecutionListener@1224144a, org.springframework.security.test.context.support.ReactorContextTestExecutionListener@29f7cefd, org.springframework.boot.test.mock.mockito.ResetMocksTestExecutionListener@700fb871, org.springframework.boot.test.autoconfigure.restdocs.RestDocsTestExecutionListener@3b35a229, org.springframework.boot.test.autoconfigure.web.client.MockRestServiceServerResetTestExecutionListener@9816741, org.springframework.boot.test.autoconfigure.web.servlet.MockMvcPrintOnlyOnFailureTestExecutionListener@1e16c0aa, org.springframework.boot.test.autoconfigure.web.servlet.WebDriverTestExecutionListener@13d73f29, org.springframework.boot.test.autoconfigure.webservices.client.MockWebServiceServerTestExecutionListener@565f390]
09:52:24.256 [main] DEBUG org.springframework.test.context.support.AbstractDirtiesContextTestExecutionListener - Before test class: context [DefaultTestContext@15d49048 testClass = UserRegistrationApplicationTests, testInstance = [null], testMethod = [null], testException = [null], mergedContextConfiguration = [WebMergedContextConfiguration@7098b907 testClass = UserRegistrationApplicationTests, locations = '{}', classes = '{class com.userRegistration.UserRegistration.UserRegistrationApplication}', contextInitializerClasses = '[]', activeProfiles = '{}', propertySourceLocations = '{}', propertySourceProperties = '{org.springframework.boot.test.context.SpringBootTestContextBootstrapper=true}', contextCustomizers = set[org.springframework.boot.test.context.filter.ExcludeFilterContextCustomizer@293a5bf6, org.springframework.boot.test.json.DuplicateJsonObjectContextCustomizerFactory$DuplicateJsonObjectContextCustomizer@74f0ea28, org.springframework.boot.test.mock.mockito.MockitoContextCustomizer@0, org.springframework.boot.test.web.client.TestRestTemplateContextCustomizer@368f2016, org.springframework.boot.test.autoconfigure.properties.PropertyMappingContextCustomizer@0, org.springframework.boot.test.autoconfigure.web.servlet.WebDriverContextCustomizerFactory$Customizer@5fe94a96, org.springframework.boot.test.context.SpringBootTestArgs@1], resourceBasePath = 'src/main/webapp', contextLoader = 'org.springframework.boot.test.context.SpringBootContextLoader', parent = [null]], attributes = map['org.springframework.test.context.web.ServletTestExecutionListener.activateListener' -> true]], class annotated with @DirtiesContext [false] with mode [null].
09:52:24.453 [main] DEBUG org.springframework.test.context.support.TestPropertySourceUtils - Adding inlined properties to environment: {spring.jmx.enabled=false, org.springframework.boot.test.context.SpringBootTestContextBootstrapper=true}
2020-06-20 09:52:25.721 ERROR 13280 --- [           main] o.s.boot.SpringApplication               : Application run failed

org.springframework.boot.context.properties.bind.BindException: Failed to bind properties under 'logging.level.root' to org.springframework.boot.logging.LogLevel
	at org.springframework.boot.context.properties.bind.Binder.handleBindError(Binder.java:363) ~[spring-boot-2.4.0-SNAPSHOT.jar:2.4.0-SNAPSHOT]
	at org.springframework.boot.context.properties.bind.Binder.bind(Binder.java:323) ~[spring-boot-2.4.0-SNAPSHOT.jar:2.4.0-SNAPSHOT]
	at org.springframework.boot.context.properties.bind.Binder.lambda$null$1(Binder.java:411) ~[spring-boot-2.4.0-SNAPSHOT.jar:2.4.0-SNAPSHOT]
	at org.springframework.boot.context.properties.bind.Binder$Context.withSource(Binder.java:542) ~[spring-boot-2.4.0-SNAPSHOT.jar:2.4.0-SNAPSHOT]
	at org.springframework.boot.context.properties.bind.Binder$Context.access$800(Binder.java:512) ~[spring-boot-2.4.0-SNAPSHOT.jar:2.4.0-SNAPSHOT]
	at org.springframework.boot.context.properties.bind.Binder.lambda$bindAggregate$2(Binder.java:412) ~[spring-boot-2.4.0-SNAPSHOT.jar:2.4.0-SNAPSHOT]
	at org.springframework.boot.context.properties.bind.AggregateElementBinder.bind(AggregateElementBinder.java:39) ~[spring-boot-2.4.0-SNAPSHOT.jar:2.4.0-SNAPSHOT]
	at org.springframework.boot.context.properties.bind.MapBinder$EntryBinder.lambda$bindEntries$0(MapBinder.java:157) ~[spring-boot-2.4.0-SNAPSHOT.jar:2.4.0-SNAPSHOT]
	at java.util.HashMap.computeIfAbsent(HashMap.java:1118) ~[na:1.8.0_65]
	at org.springframework.boot.context.properties.bind.MapBinder$EntryBinder.bindEntries(MapBinder.java:157) ~[spring-boot-2.4.0-SNAPSHOT.jar:2.4.0-SNAPSHOT]
	at org.springframework.boot.context.properties.bind.MapBinder.bindAggregate(MapBinder.java:68) ~[spring-boot-2.4.0-SNAPSHOT.jar:2.4.0-SNAPSHOT]
	at org.springframework.boot.context.properties.bind.AggregateBinder.bind(AggregateBinder.java:56) ~[spring-boot-2.4.0-SNAPSHOT.jar:2.4.0-SNAPSHOT]
	at org.springframework.boot.context.properties.bind.Binder.lambda$bindAggregate$3(Binder.java:414) ~[spring-boot-2.4.0-SNAPSHOT.jar:2.4.0-SNAPSHOT]
	at org.springframework.boot.context.properties.bind.Binder$Context.withIncreasedDepth(Binder.java:571) ~[spring-boot-2.4.0-SNAPSHOT.jar:2.4.0-SNAPSHOT]
	at org.springframework.boot.context.properties.bind.Binder$Context.access$100(Binder.java:512) ~[spring-boot-2.4.0-SNAPSHOT.jar:2.4.0-SNAPSHOT]
	at org.springframework.boot.context.properties.bind.Binder.bindAggregate(Binder.java:414) ~[spring-boot-2.4.0-SNAPSHOT.jar:2.4.0-SNAPSHOT]
	at org.springframework.boot.context.properties.bind.Binder.bindObject(Binder.java:375) ~[spring-boot-2.4.0-SNAPSHOT.jar:2.4.0-SNAPSHOT]
	at org.springframework.boot.context.properties.bind.Binder.bind(Binder.java:319) ~[spring-boot-2.4.0-SNAPSHOT.jar:2.4.0-SNAPSHOT]
	at org.springframework.boot.context.properties.bind.Binder.bind(Binder.java:308) ~[spring-boot-2.4.0-SNAPSHOT.jar:2.4.0-SNAPSHOT]
	at org.springframework.boot.context.properties.bind.Binder.bind(Binder.java:238) ~[spring-boot-2.4.0-SNAPSHOT.jar:2.4.0-SNAPSHOT]
	at org.springframework.boot.context.properties.bind.Binder.bind(Binder.java:212) ~[spring-boot-2.4.0-SNAPSHOT.jar:2.4.0-SNAPSHOT]
	at org.springframework.boot.context.logging.LoggingApplicationListener.setLogLevels(LoggingApplicationListener.java:364) ~[spring-boot-2.4.0-SNAPSHOT.jar:2.4.0-SNAPSHOT]
	at org.springframework.boot.context.logging.LoggingApplicationListener.initializeFinalLoggingLevels(LoggingApplicationListener.java:331) ~[spring-boot-2.4.0-SNAPSHOT.jar:2.4.0-SNAPSHOT]
	at org.springframework.boot.context.logging.LoggingApplicationListener.initialize(LoggingApplicationListener.java:282) ~[spring-boot-2.4.0-SNAPSHOT.jar:2.4.0-SNAPSHOT]
	at org.springframework.boot.context.logging.LoggingApplicationListener.onApplicationEnvironmentPreparedEvent(LoggingApplicationListener.java:239) ~[spring-boot-2.4.0-SNAPSHOT.jar:2.4.0-SNAPSHOT]
	at org.springframework.boot.context.logging.LoggingApplicationListener.onApplicationEvent(LoggingApplicationListener.java:216) ~[spring-boot-2.4.0-SNAPSHOT.jar:2.4.0-SNAPSHOT]
	at org.springframework.context.event.SimpleApplicationEventMulticaster.doInvokeListener(SimpleApplicationEventMulticaster.java:172) ~[spring-context-5.2.6.RELEASE.jar:5.2.6.RELEASE]
	at org.springframework.context.event.SimpleApplicationEventMulticaster.invokeListener(SimpleApplicationEventMulticaster.java:165) ~[spring-context-5.2.6.RELEASE.jar:5.2.6.RELEASE]
	at org.springframework.context.event.SimpleApplicationEventMulticaster.multicastEvent(SimpleApplicationEventMulticaster.java:139) ~[spring-context-5.2.6.RELEASE.jar:5.2.6.RELEASE]
	at org.springframework.context.event.SimpleApplicationEventMulticaster.multicastEvent(SimpleApplicationEventMulticaster.java:127) ~[spring-context-5.2.6.RELEASE.jar:5.2.6.RELEASE]
	at org.springframework.boot.context.event.EventPublishingRunListener.environmentPrepared(EventPublishingRunListener.java:80) ~[spring-boot-2.4.0-SNAPSHOT.jar:2.4.0-SNAPSHOT]
	at org.springframework.boot.SpringApplicationRunListeners.environmentPrepared(SpringApplicationRunListeners.java:53) ~[spring-boot-2.4.0-SNAPSHOT.jar:2.4.0-SNAPSHOT]
	at org.springframework.boot.SpringApplication.prepareEnvironment(SpringApplication.java:345) ~[spring-boot-2.4.0-SNAPSHOT.jar:2.4.0-SNAPSHOT]
	at org.springframework.boot.SpringApplication.run(SpringApplication.java:308) ~[spring-boot-2.4.0-SNAPSHOT.jar:2.4.0-SNAPSHOT]
	at org.springframework.boot.test.context.SpringBootContextLoader.loadContext(SpringBootContextLoader.java:120) [spring-boot-test-2.4.0-SNAPSHOT.jar:2.4.0-SNAPSHOT]
	at org.springframework.test.context.cache.DefaultCacheAwareContextLoaderDelegate.loadContextInternal(DefaultCacheAwareContextLoaderDelegate.java:99) [spring-test-5.2.6.RELEASE.jar:5.2.6.RELEASE]
	at org.springframework.test.context.cache.DefaultCacheAwareContextLoaderDelegate.loadContext(DefaultCacheAwareContextLoaderDelegate.java:124) [spring-test-5.2.6.RELEASE.jar:5.2.6.RELEASE]
	at org.springframework.test.context.support.DefaultTestContext.getApplicationContext(DefaultTestContext.java:123) [spring-test-5.2.6.RELEASE.jar:5.2.6.RELEASE]
	at org.springframework.test.context.web.ServletTestExecutionListener.setUpRequestContextIfNecessary(ServletTestExecutionListener.java:190) [spring-test-5.2.6.RELEASE.jar:5.2.6.RELEASE]
	at org.springframework.test.context.web.ServletTestExecutionListener.prepareTestInstance(ServletTestExecutionListener.java:132) [spring-test-5.2.6.RELEASE.jar:5.2.6.RELEASE]
	at org.springframework.test.context.TestContextManager.prepareTestInstance(TestContextManager.java:244) [spring-test-5.2.6.RELEASE.jar:5.2.6.RELEASE]
	at org.springframework.test.context.junit.jupiter.SpringExtension.postProcessTestInstance(SpringExtension.java:98) [spring-test-5.2.6.RELEASE.jar:5.2.6.RELEASE]
	at org.junit.jupiter.engine.descriptor.ClassBasedTestDescriptor.lambda$invokeTestInstancePostProcessors$5(ClassBasedTestDescriptor.java:341) [junit-jupiter-engine-5.6.2.jar:5.6.2]
	at org.junit.jupiter.engine.descriptor.ClassBasedTestDescriptor.executeAndMaskThrowable(ClassBasedTestDescriptor.java:346) [junit-jupiter-engine-5.6.2.jar:5.6.2]
	at org.junit.jupiter.engine.descriptor.ClassBasedTestDescriptor.lambda$invokeTestInstancePostProcessors$6(ClassBasedTestDescriptor.java:341) [junit-jupiter-engine-5.6.2.jar:5.6.2]
	at java.util.stream.ReferencePipeline$3$1.accept(ReferencePipeline.java:193) ~[na:1.8.0_65]
	at java.util.stream.ReferencePipeline$2$1.accept(ReferencePipeline.java:175) ~[na:1.8.0_65]
	at java.util.ArrayList$ArrayListSpliterator.forEachRemaining(ArrayList.java:1374) ~[na:1.8.0_65]
	at java.util.stream.AbstractPipeline.copyInto(AbstractPipeline.java:481) ~[na:1.8.0_65]
	at java.util.stream.AbstractPipeline.wrapAndCopyInto(AbstractPipeline.java:471) ~[na:1.8.0_65]
	at java.util.stream.StreamSpliterators$WrappingSpliterator.forEachRemaining(StreamSpliterators.java:312) ~[na:1.8.0_65]
	at java.util.stream.Streams$ConcatSpliterator.forEachRemaining(Streams.java:743) ~[na:1.8.0_65]
	at java.util.stream.Streams$ConcatSpliterator.forEachRemaining(Streams.java:742) ~[na:1.8.0_65]
	at java.util.stream.ReferencePipeline$Head.forEach(ReferencePipeline.java:580) ~[na:1.8.0_65]
	at org.junit.jupiter.engine.descriptor.ClassBasedTestDescriptor.invokeTestInstancePostProcessors(ClassBasedTestDescriptor.java:340) [junit-jupiter-engine-5.6.2.jar:5.6.2]
	at org.junit.jupiter.engine.descriptor.ClassBasedTestDescriptor.instantiateAndPostProcessTestInstance(ClassBasedTestDescriptor.java:263) [junit-jupiter-engine-5.6.2.jar:5.6.2]
	at org.junit.jupiter.engine.descriptor.ClassBasedTestDescriptor.lambda$testInstancesProvider$2(ClassBasedTestDescriptor.java:256) [junit-jupiter-engine-5.6.2.jar:5.6.2]
	at java.util.Optional.orElseGet(Optional.java:267) ~[na:1.8.0_65]
	at org.junit.jupiter.engine.descriptor.ClassBasedTestDescriptor.lambda$testInstancesProvider$3(ClassBasedTestDescriptor.java:255) [junit-jupiter-engine-5.6.2.jar:5.6.2]
	at org.junit.jupiter.engine.execution.TestInstancesProvider.getTestInstances(TestInstancesProvider.java:29) ~[junit-jupiter-engine-5.6.2.jar:5.6.2]
	at org.junit.jupiter.engine.descriptor.TestMethodTestDescriptor.lambda$prepare$0(TestMethodTestDescriptor.java:108) ~[junit-jupiter-engine-5.6.2.jar:5.6.2]
	at org.junit.platform.engine.support.hierarchical.ThrowableCollector.execute(ThrowableCollector.java:73) ~[junit-platform-engine-1.6.2.jar:1.6.2]
	at org.junit.jupiter.engine.descriptor.TestMethodTestDescriptor.prepare(TestMethodTestDescriptor.java:107) ~[junit-jupiter-engine-5.6.2.jar:5.6.2]
	at org.junit.jupiter.engine.descriptor.TestMethodTestDescriptor.prepare(TestMethodTestDescriptor.java:71) ~[junit-jupiter-engine-5.6.2.jar:5.6.2]
	at org.junit.platform.engine.support.hierarchical.NodeTestTask.lambda$prepare$1(NodeTestTask.java:107) ~[junit-platform-engine-1.6.2.jar:1.6.2]
	at org.junit.platform.engine.support.hierarchical.ThrowableCollector.execute(ThrowableCollector.java:73) ~[junit-platform-engine-1.6.2.jar:1.6.2]
	at org.junit.platform.engine.support.hierarchical.NodeTestTask.prepare(NodeTestTask.java:107) ~[junit-platform-engine-1.6.2.jar:1.6.2]
	at org.junit.platform.engine.support.hierarchical.NodeTestTask.execute(NodeTestTask.java:75) ~[junit-platform-engine-1.6.2.jar:1.6.2]
	at java.util.ArrayList.forEach(ArrayList.java:1249) ~[na:1.8.0_65]
	at org.junit.platform.engine.support.hierarchical.SameThreadHierarchicalTestExecutorService.invokeAll(SameThreadHierarchicalTestExecutorService.java:38) ~[junit-platform-engine-1.6.2.jar:1.6.2]
	at org.junit.platform.engine.support.hierarchical.NodeTestTask.lambda$executeRecursively$5(NodeTestTask.java:139) ~[junit-platform-engine-1.6.2.jar:1.6.2]
	at org.junit.platform.engine.support.hierarchical.ThrowableCollector.execute(ThrowableCollector.java:73) ~[junit-platform-engine-1.6.2.jar:1.6.2]
	at org.junit.platform.engine.support.hierarchical.NodeTestTask.lambda$executeRecursively$7(NodeTestTask.java:125) ~[junit-platform-engine-1.6.2.jar:1.6.2]
	at org.junit.platform.engine.support.hierarchical.Node.around(Node.java:135) ~[junit-platform-engine-1.6.2.jar:1.6.2]
	at org.junit.platform.engine.support.hierarchical.NodeTestTask.lambda$executeRecursively$8(NodeTestTask.java:123) ~[junit-platform-engine-1.6.2.jar:1.6.2]
	at org.junit.platform.engine.support.hierarchical.ThrowableCollector.execute(ThrowableCollector.java:73) ~[junit-platform-engine-1.6.2.jar:1.6.2]
	at org.junit.platform.engine.support.hierarchical.NodeTestTask.executeRecursively(NodeTestTask.java:122) ~[junit-platform-engine-1.6.2.jar:1.6.2]
	at org.junit.platform.engine.support.hierarchical.NodeTestTask.execute(NodeTestTask.java:80) ~[junit-platform-engine-1.6.2.jar:1.6.2]
	at java.util.ArrayList.forEach(ArrayList.java:1249) ~[na:1.8.0_65]
	at org.junit.platform.engine.support.hierarchical.SameThreadHierarchicalTestExecutorService.invokeAll(SameThreadHierarchicalTestExecutorService.java:38) ~[junit-platform-engine-1.6.2.jar:1.6.2]
	at org.junit.platform.engine.support.hierarchical.NodeTestTask.lambda$executeRecursively$5(NodeTestTask.java:139) ~[junit-platform-engine-1.6.2.jar:1.6.2]
	at org.junit.platform.engine.support.hierarchical.ThrowableCollector.execute(ThrowableCollector.java:73) ~[junit-platform-engine-1.6.2.jar:1.6.2]
	at org.junit.platform.engine.support.hierarchical.NodeTestTask.lambda$executeRecursively$7(NodeTestTask.java:125) ~[junit-platform-engine-1.6.2.jar:1.6.2]
	at org.junit.platform.engine.support.hierarchical.Node.around(Node.java:135) ~[junit-platform-engine-1.6.2.jar:1.6.2]
	at org.junit.platform.engine.support.hierarchical.NodeTestTask.lambda$executeRecursively$8(NodeTestTask.java:123) ~[junit-platform-engine-1.6.2.jar:1.6.2]
	at org.junit.platform.engine.support.hierarchical.ThrowableCollector.execute(ThrowableCollector.java:73) ~[junit-platform-engine-1.6.2.jar:1.6.2]
	at org.junit.platform.engine.support.hierarchical.NodeTestTask.executeRecursively(NodeTestTask.java:122) ~[junit-platform-engine-1.6.2.jar:1.6.2]
	at org.junit.platform.engine.support.hierarchical.NodeTestTask.execute(NodeTestTask.java:80) ~[junit-platform-engine-1.6.2.jar:1.6.2]
	at org.junit.platform.engine.support.hierarchical.SameThreadHierarchicalTestExecutorService.submit(SameThreadHierarchicalTestExecutorService.java:32) ~[junit-platform-engine-1.6.2.jar:1.6.2]
	at org.junit.platform.engine.support.hierarchical.HierarchicalTestExecutor.execute(HierarchicalTestExecutor.java:57) ~[junit-platform-engine-1.6.2.jar:1.6.2]
	at org.junit.platform.engine.support.hierarchical.HierarchicalTestEngine.execute(HierarchicalTestEngine.java:51) ~[junit-platform-engine-1.6.2.jar:1.6.2]
	at org.junit.platform.launcher.core.DefaultLauncher.execute(DefaultLauncher.java:220) ~[junit-platform-launcher-1.3.1.jar:1.3.1]
	at org.junit.platform.launcher.core.DefaultLauncher.lambda$execute$6(DefaultLauncher.java:188) ~[junit-platform-launcher-1.3.1.jar:1.3.1]
	at org.junit.platform.launcher.core.DefaultLauncher.withInterceptedStreams(DefaultLauncher.java:202) ~[junit-platform-launcher-1.3.1.jar:1.3.1]
	at org.junit.platform.launcher.core.DefaultLauncher.execute(DefaultLauncher.java:181) ~[junit-platform-launcher-1.3.1.jar:1.3.1]
	at org.junit.platform.launcher.core.DefaultLauncher.execute(DefaultLauncher.java:128) ~[junit-platform-launcher-1.3.1.jar:1.3.1]
	at org.apache.maven.surefire.junitplatform.JUnitPlatformProvider.invokeAllTests(JUnitPlatformProvider.java:150) ~[surefire-junit-platform-2.22.2.jar:2.22.2]
	at org.apache.maven.surefire.junitplatform.JUnitPlatformProvider.invoke(JUnitPlatformProvider.java:124) ~[surefire-junit-platform-2.22.2.jar:2.22.2]
	at org.apache.maven.surefire.booter.ForkedBooter.invokeProviderInSameClassLoader(ForkedBooter.java:384) ~[surefire-booter-2.22.2.jar:2.22.2]
	at org.apache.maven.surefire.booter.ForkedBooter.runSuitesInProcess(ForkedBooter.java:345) ~[surefire-booter-2.22.2.jar:2.22.2]
	at org.apache.maven.surefire.booter.ForkedBooter.execute(ForkedBooter.java:126) ~[surefire-booter-2.22.2.jar:2.22.2]
	at org.apache.maven.surefire.booter.ForkedBooter.main(ForkedBooter.java:418) ~[surefire-booter-2.22.2.jar:2.22.2]
Caused by: org.springframework.core.convert.ConversionFailedException: Failed to convert from type [java.lang.String] to type [org.springframework.boot.logging.LogLevel] for value 'INFO,ERROR'; nested exception is java.lang.IllegalArgumentException: No enum constant org.springframework.boot.logging.LogLevel.INFO,ERROR
	at org.springframework.core.convert.support.ConversionUtils.invokeConverter(ConversionUtils.java:47) ~[spring-core-5.2.6.RELEASE.jar:5.2.6.RELEASE]
	at org.springframework.core.convert.support.GenericConversionService.convert(GenericConversionService.java:191) ~[spring-core-5.2.6.RELEASE.jar:5.2.6.RELEASE]
	at org.springframework.boot.context.properties.bind.BindConverter$CompositeConversionService.convert(BindConverter.java:170) ~[spring-boot-2.4.0-SNAPSHOT.jar:2.4.0-SNAPSHOT]
	at org.springframework.boot.context.properties.bind.BindConverter.convert(BindConverter.java:96) ~[spring-boot-2.4.0-SNAPSHOT.jar:2.4.0-SNAPSHOT]
	at org.springframework.boot.context.properties.bind.BindConverter.convert(BindConverter.java:88) ~[spring-boot-2.4.0-SNAPSHOT.jar:2.4.0-SNAPSHOT]
	at org.springframework.boot.context.properties.bind.Binder.bindProperty(Binder.java:434) ~[spring-boot-2.4.0-SNAPSHOT.jar:2.4.0-SNAPSHOT]
	at org.springframework.boot.context.properties.bind.Binder.bindObject(Binder.java:379) ~[spring-boot-2.4.0-SNAPSHOT.jar:2.4.0-SNAPSHOT]
	at org.springframework.boot.context.properties.bind.Binder.bind(Binder.java:319) ~[spring-boot-2.4.0-SNAPSHOT.jar:2.4.0-SNAPSHOT]
	... 100 common frames omitted
Caused by: java.lang.IllegalArgumentException: No enum constant org.springframework.boot.logging.LogLevel.INFO,ERROR
	at org.springframework.boot.convert.LenientObjectToEnumConverterFactory$LenientToEnumConverter.findEnum(LenientObjectToEnumConverterFactory.java:93) ~[spring-boot-2.4.0-SNAPSHOT.jar:2.4.0-SNAPSHOT]
	at org.springframework.boot.convert.LenientObjectToEnumConverterFactory$LenientToEnumConverter.convert(LenientObjectToEnumConverterFactory.java:80) ~[spring-boot-2.4.0-SNAPSHOT.jar:2.4.0-SNAPSHOT]
	at org.springframework.boot.convert.LenientObjectToEnumConverterFactory$LenientToEnumConverter.convert(LenientObjectToEnumConverterFactory.java:61) ~[spring-boot-2.4.0-SNAPSHOT.jar:2.4.0-SNAPSHOT]
	at org.springframework.core.convert.support.GenericConversionService$ConverterFactoryAdapter.convert(GenericConversionService.java:436) ~[spring-core-5.2.6.RELEASE.jar:5.2.6.RELEASE]
	at org.springframework.core.convert.support.ConversionUtils.invokeConverter(ConversionUtils.java:41) ~[spring-core-5.2.6.RELEASE.jar:5.2.6.RELEASE]
	... 107 common frames omitted

2020-06-20 09:52:25.751 ERROR 13280 --- [           main] o.s.test.context.TestContextManager      : Caught exception while allowing TestExecutionListener [org.springframework.test.context.web.ServletTestExecutionListener@1c9b0314] to prepare test instance [com.userRegistration.UserRegistration.UserRegistrationApplicationTests@1b7c473a]

java.lang.IllegalStateException: Failed to load ApplicationContext
	at org.springframework.test.context.cache.DefaultCacheAwareContextLoaderDelegate.loadContext(DefaultCacheAwareContextLoaderDelegate.java:132) ~[spring-test-5.2.6.RELEASE.jar:5.2.6.RELEASE]
	at org.springframework.test.context.support.DefaultTestContext.getApplicationContext(DefaultTestContext.java:123) ~[spring-test-5.2.6.RELEASE.jar:5.2.6.RELEASE]
	at org.springframework.test.context.web.ServletTestExecutionListener.setUpRequestContextIfNecessary(ServletTestExecutionListener.java:190) ~[spring-test-5.2.6.RELEASE.jar:5.2.6.RELEASE]
	at org.springframework.test.context.web.ServletTestExecutionListener.prepareTestInstance(ServletTestExecutionListener.java:132) ~[spring-test-5.2.6.RELEASE.jar:5.2.6.RELEASE]
	at org.springframework.test.context.TestContextManager.prepareTestInstance(TestContextManager.java:244) ~[spring-test-5.2.6.RELEASE.jar:5.2.6.RELEASE]
	at org.springframework.test.context.junit.jupiter.SpringExtension.postProcessTestInstance(SpringExtension.java:98) [spring-test-5.2.6.RELEASE.jar:5.2.6.RELEASE]
	at org.junit.jupiter.engine.descriptor.ClassBasedTestDescriptor.lambda$invokeTestInstancePostProcessors$5(ClassBasedTestDescriptor.java:341) [junit-jupiter-engine-5.6.2.jar:5.6.2]
	at org.junit.jupiter.engine.descriptor.ClassBasedTestDescriptor.executeAndMaskThrowable(ClassBasedTestDescriptor.java:346) [junit-jupiter-engine-5.6.2.jar:5.6.2]
	at org.junit.jupiter.engine.descriptor.ClassBasedTestDescriptor.lambda$invokeTestInstancePostProcessors$6(ClassBasedTestDescriptor.java:341) [junit-jupiter-engine-5.6.2.jar:5.6.2]
	at java.util.stream.ReferencePipeline$3$1.accept(ReferencePipeline.java:193) ~[na:1.8.0_65]
	at java.util.stream.ReferencePipeline$2$1.accept(ReferencePipeline.java:175) ~[na:1.8.0_65]
	at java.util.ArrayList$ArrayListSpliterator.forEachRemaining(ArrayList.java:1374) ~[na:1.8.0_65]
	at java.util.stream.AbstractPipeline.copyInto(AbstractPipeline.java:481) ~[na:1.8.0_65]
	at java.util.stream.AbstractPipeline.wrapAndCopyInto(AbstractPipeline.java:471) ~[na:1.8.0_65]
	at java.util.stream.StreamSpliterators$WrappingSpliterator.forEachRemaining(StreamSpliterators.java:312) ~[na:1.8.0_65]
	at java.util.stream.Streams$ConcatSpliterator.forEachRemaining(Streams.java:743) ~[na:1.8.0_65]
	at java.util.stream.Streams$ConcatSpliterator.forEachRemaining(Streams.java:742) ~[na:1.8.0_65]
	at java.util.stream.ReferencePipeline$Head.forEach(ReferencePipeline.java:580) ~[na:1.8.0_65]
	at org.junit.jupiter.engine.descriptor.ClassBasedTestDescriptor.invokeTestInstancePostProcessors(ClassBasedTestDescriptor.java:340) [junit-jupiter-engine-5.6.2.jar:5.6.2]
	at org.junit.jupiter.engine.descriptor.ClassBasedTestDescriptor.instantiateAndPostProcessTestInstance(ClassBasedTestDescriptor.java:263) [junit-jupiter-engine-5.6.2.jar:5.6.2]
	at org.junit.jupiter.engine.descriptor.ClassBasedTestDescriptor.lambda$testInstancesProvider$2(ClassBasedTestDescriptor.java:256) [junit-jupiter-engine-5.6.2.jar:5.6.2]
	at java.util.Optional.orElseGet(Optional.java:267) ~[na:1.8.0_65]
	at org.junit.jupiter.engine.descriptor.ClassBasedTestDescriptor.lambda$testInstancesProvider$3(ClassBasedTestDescriptor.java:255) [junit-jupiter-engine-5.6.2.jar:5.6.2]
	at org.junit.jupiter.engine.execution.TestInstancesProvider.getTestInstances(TestInstancesProvider.java:29) ~[junit-jupiter-engine-5.6.2.jar:5.6.2]
	at org.junit.jupiter.engine.descriptor.TestMethodTestDescriptor.lambda$prepare$0(TestMethodTestDescriptor.java:108) ~[junit-jupiter-engine-5.6.2.jar:5.6.2]
	at org.junit.platform.engine.support.hierarchical.ThrowableCollector.execute(ThrowableCollector.java:73) ~[junit-platform-engine-1.6.2.jar:1.6.2]
	at org.junit.jupiter.engine.descriptor.TestMethodTestDescriptor.prepare(TestMethodTestDescriptor.java:107) ~[junit-jupiter-engine-5.6.2.jar:5.6.2]
	at org.junit.jupiter.engine.descriptor.TestMethodTestDescriptor.prepare(TestMethodTestDescriptor.java:71) ~[junit-jupiter-engine-5.6.2.jar:5.6.2]
	at org.junit.platform.engine.support.hierarchical.NodeTestTask.lambda$prepare$1(NodeTestTask.java:107) ~[junit-platform-engine-1.6.2.jar:1.6.2]
	at org.junit.platform.engine.support.hierarchical.ThrowableCollector.execute(ThrowableCollector.java:73) ~[junit-platform-engine-1.6.2.jar:1.6.2]
	at org.junit.platform.engine.support.hierarchical.NodeTestTask.prepare(NodeTestTask.java:107) ~[junit-platform-engine-1.6.2.jar:1.6.2]
	at org.junit.platform.engine.support.hierarchical.NodeTestTask.execute(NodeTestTask.java:75) ~[junit-platform-engine-1.6.2.jar:1.6.2]
	at java.util.ArrayList.forEach(ArrayList.java:1249) ~[na:1.8.0_65]
	at org.junit.platform.engine.support.hierarchical.SameThreadHierarchicalTestExecutorService.invokeAll(SameThreadHierarchicalTestExecutorService.java:38) ~[junit-platform-engine-1.6.2.jar:1.6.2]
	at org.junit.platform.engine.support.hierarchical.NodeTestTask.lambda$executeRecursively$5(NodeTestTask.java:139) ~[junit-platform-engine-1.6.2.jar:1.6.2]
	at org.junit.platform.engine.support.hierarchical.ThrowableCollector.execute(ThrowableCollector.java:73) ~[junit-platform-engine-1.6.2.jar:1.6.2]
	at org.junit.platform.engine.support.hierarchical.NodeTestTask.lambda$executeRecursively$7(NodeTestTask.java:125) ~[junit-platform-engine-1.6.2.jar:1.6.2]
	at org.junit.platform.engine.support.hierarchical.Node.around(Node.java:135) ~[junit-platform-engine-1.6.2.jar:1.6.2]
	at org.junit.platform.engine.support.hierarchical.NodeTestTask.lambda$executeRecursively$8(NodeTestTask.java:123) ~[junit-platform-engine-1.6.2.jar:1.6.2]
	at org.junit.platform.engine.support.hierarchical.ThrowableCollector.execute(ThrowableCollector.java:73) ~[junit-platform-engine-1.6.2.jar:1.6.2]
	at org.junit.platform.engine.support.hierarchical.NodeTestTask.executeRecursively(NodeTestTask.java:122) ~[junit-platform-engine-1.6.2.jar:1.6.2]
	at org.junit.platform.engine.support.hierarchical.NodeTestTask.execute(NodeTestTask.java:80) ~[junit-platform-engine-1.6.2.jar:1.6.2]
	at java.util.ArrayList.forEach(ArrayList.java:1249) ~[na:1.8.0_65]
	at org.junit.platform.engine.support.hierarchical.SameThreadHierarchicalTestExecutorService.invokeAll(SameThreadHierarchicalTestExecutorService.java:38) ~[junit-platform-engine-1.6.2.jar:1.6.2]
	at org.junit.platform.engine.support.hierarchical.NodeTestTask.lambda$executeRecursively$5(NodeTestTask.java:139) ~[junit-platform-engine-1.6.2.jar:1.6.2]
	at org.junit.platform.engine.support.hierarchical.ThrowableCollector.execute(ThrowableCollector.java:73) ~[junit-platform-engine-1.6.2.jar:1.6.2]
	at org.junit.platform.engine.support.hierarchical.NodeTestTask.lambda$executeRecursively$7(NodeTestTask.java:125) ~[junit-platform-engine-1.6.2.jar:1.6.2]
	at org.junit.platform.engine.support.hierarchical.Node.around(Node.java:135) ~[junit-platform-engine-1.6.2.jar:1.6.2]
	at org.junit.platform.engine.support.hierarchical.NodeTestTask.lambda$executeRecursively$8(NodeTestTask.java:123) ~[junit-platform-engine-1.6.2.jar:1.6.2]
	at org.junit.platform.engine.support.hierarchical.ThrowableCollector.execute(ThrowableCollector.java:73) ~[junit-platform-engine-1.6.2.jar:1.6.2]
	at org.junit.platform.engine.support.hierarchical.NodeTestTask.executeRecursively(NodeTestTask.java:122) ~[junit-platform-engine-1.6.2.jar:1.6.2]
	at org.junit.platform.engine.support.hierarchical.NodeTestTask.execute(NodeTestTask.java:80) ~[junit-platform-engine-1.6.2.jar:1.6.2]
	at org.junit.platform.engine.support.hierarchical.SameThreadHierarchicalTestExecutorService.submit(SameThreadHierarchicalTestExecutorService.java:32) ~[junit-platform-engine-1.6.2.jar:1.6.2]
	at org.junit.platform.engine.support.hierarchical.HierarchicalTestExecutor.execute(HierarchicalTestExecutor.java:57) ~[junit-platform-engine-1.6.2.jar:1.6.2]
	at org.junit.platform.engine.support.hierarchical.HierarchicalTestEngine.execute(HierarchicalTestEngine.java:51) ~[junit-platform-engine-1.6.2.jar:1.6.2]
	at org.junit.platform.launcher.core.DefaultLauncher.execute(DefaultLauncher.java:220) ~[junit-platform-launcher-1.3.1.jar:1.3.1]
	at org.junit.platform.launcher.core.DefaultLauncher.lambda$execute$6(DefaultLauncher.java:188) ~[junit-platform-launcher-1.3.1.jar:1.3.1]
	at org.junit.platform.launcher.core.DefaultLauncher.withInterceptedStreams(DefaultLauncher.java:202) ~[junit-platform-launcher-1.3.1.jar:1.3.1]
	at org.junit.platform.launcher.core.DefaultLauncher.execute(DefaultLauncher.java:181) ~[junit-platform-launcher-1.3.1.jar:1.3.1]
	at org.junit.platform.launcher.core.DefaultLauncher.execute(DefaultLauncher.java:128) ~[junit-platform-launcher-1.3.1.jar:1.3.1]
	at org.apache.maven.surefire.junitplatform.JUnitPlatformProvider.invokeAllTests(JUnitPlatformProvider.java:150) ~[surefire-junit-platform-2.22.2.jar:2.22.2]
	at org.apache.maven.surefire.junitplatform.JUnitPlatformProvider.invoke(JUnitPlatformProvider.java:124) ~[surefire-junit-platform-2.22.2.jar:2.22.2]
	at org.apache.maven.surefire.booter.ForkedBooter.invokeProviderInSameClassLoader(ForkedBooter.java:384) ~[surefire-booter-2.22.2.jar:2.22.2]
	at org.apache.maven.surefire.booter.ForkedBooter.runSuitesInProcess(ForkedBooter.java:345) ~[surefire-booter-2.22.2.jar:2.22.2]
	at org.apache.maven.surefire.booter.ForkedBooter.execute(ForkedBooter.java:126) ~[surefire-booter-2.22.2.jar:2.22.2]
	at org.apache.maven.surefire.booter.ForkedBooter.main(ForkedBooter.java:418) ~[surefire-booter-2.22.2.jar:2.22.2]
Caused by: org.springframework.boot.context.properties.bind.BindException: Failed to bind properties under 'logging.level.root' to org.springframework.boot.logging.LogLevel
	at org.springframework.boot.context.properties.bind.Binder.handleBindError(Binder.java:363) ~[spring-boot-2.4.0-SNAPSHOT.jar:2.4.0-SNAPSHOT]
	at org.springframework.boot.context.properties.bind.Binder.bind(Binder.java:323) ~[spring-boot-2.4.0-SNAPSHOT.jar:2.4.0-SNAPSHOT]
	at org.springframework.boot.context.properties.bind.Binder.lambda$null$1(Binder.java:411) ~[spring-boot-2.4.0-SNAPSHOT.jar:2.4.0-SNAPSHOT]
	at org.springframework.boot.context.properties.bind.Binder$Context.withSource(Binder.java:542) ~[spring-boot-2.4.0-SNAPSHOT.jar:2.4.0-SNAPSHOT]
	at org.springframework.boot.context.properties.bind.Binder$Context.access$800(Binder.java:512) ~[spring-boot-2.4.0-SNAPSHOT.jar:2.4.0-SNAPSHOT]
	at org.springframework.boot.context.properties.bind.Binder.lambda$bindAggregate$2(Binder.java:412) ~[spring-boot-2.4.0-SNAPSHOT.jar:2.4.0-SNAPSHOT]
	at org.springframework.boot.context.properties.bind.AggregateElementBinder.bind(AggregateElementBinder.java:39) ~[spring-boot-2.4.0-SNAPSHOT.jar:2.4.0-SNAPSHOT]
	at org.springframework.boot.context.properties.bind.MapBinder$EntryBinder.lambda$bindEntries$0(MapBinder.java:157) ~[spring-boot-2.4.0-SNAPSHOT.jar:2.4.0-SNAPSHOT]
	at java.util.HashMap.computeIfAbsent(HashMap.java:1118) ~[na:1.8.0_65]
	at org.springframework.boot.context.properties.bind.MapBinder$EntryBinder.bindEntries(MapBinder.java:157) ~[spring-boot-2.4.0-SNAPSHOT.jar:2.4.0-SNAPSHOT]
	at org.springframework.boot.context.properties.bind.MapBinder.bindAggregate(MapBinder.java:68) ~[spring-boot-2.4.0-SNAPSHOT.jar:2.4.0-SNAPSHOT]
	at org.springframework.boot.context.properties.bind.AggregateBinder.bind(AggregateBinder.java:56) ~[spring-boot-2.4.0-SNAPSHOT.jar:2.4.0-SNAPSHOT]
	at org.springframework.boot.context.properties.bind.Binder.lambda$bindAggregate$3(Binder.java:414) ~[spring-boot-2.4.0-SNAPSHOT.jar:2.4.0-SNAPSHOT]
	at org.springframework.boot.context.properties.bind.Binder$Context.withIncreasedDepth(Binder.java:571) ~[spring-boot-2.4.0-SNAPSHOT.jar:2.4.0-SNAPSHOT]
	at org.springframework.boot.context.properties.bind.Binder$Context.access$100(Binder.java:512) ~[spring-boot-2.4.0-SNAPSHOT.jar:2.4.0-SNAPSHOT]
	at org.springframework.boot.context.properties.bind.Binder.bindAggregate(Binder.java:414) ~[spring-boot-2.4.0-SNAPSHOT.jar:2.4.0-SNAPSHOT]
	at org.springframework.boot.context.properties.bind.Binder.bindObject(Binder.java:375) ~[spring-boot-2.4.0-SNAPSHOT.jar:2.4.0-SNAPSHOT]
	at org.springframework.boot.context.properties.bind.Binder.bind(Binder.java:319) ~[spring-boot-2.4.0-SNAPSHOT.jar:2.4.0-SNAPSHOT]
	at org.springframework.boot.context.properties.bind.Binder.bind(Binder.java:308) ~[spring-boot-2.4.0-SNAPSHOT.jar:2.4.0-SNAPSHOT]
	at org.springframework.boot.context.properties.bind.Binder.bind(Binder.java:238) ~[spring-boot-2.4.0-SNAPSHOT.jar:2.4.0-SNAPSHOT]
	at org.springframework.boot.context.properties.bind.Binder.bind(Binder.java:212) ~[spring-boot-2.4.0-SNAPSHOT.jar:2.4.0-SNAPSHOT]
	at org.springframework.boot.context.logging.LoggingApplicationListener.setLogLevels(LoggingApplicationListener.java:364) ~[spring-boot-2.4.0-SNAPSHOT.jar:2.4.0-SNAPSHOT]
	at org.springframework.boot.context.logging.LoggingApplicationListener.initializeFinalLoggingLevels(LoggingApplicationListener.java:331) ~[spring-boot-2.4.0-SNAPSHOT.jar:2.4.0-SNAPSHOT]
	at org.springframework.boot.context.logging.LoggingApplicationListener.initialize(LoggingApplicationListener.java:282) ~[spring-boot-2.4.0-SNAPSHOT.jar:2.4.0-SNAPSHOT]
	at org.springframework.boot.context.logging.LoggingApplicationListener.onApplicationEnvironmentPreparedEvent(LoggingApplicationListener.java:239) ~[spring-boot-2.4.0-SNAPSHOT.jar:2.4.0-SNAPSHOT]
	at org.springframework.boot.context.logging.LoggingApplicationListener.onApplicationEvent(LoggingApplicationListener.java:216) ~[spring-boot-2.4.0-SNAPSHOT.jar:2.4.0-SNAPSHOT]
	at org.springframework.context.event.SimpleApplicationEventMulticaster.doInvokeListener(SimpleApplicationEventMulticaster.java:172) ~[spring-context-5.2.6.RELEASE.jar:5.2.6.RELEASE]
	at org.springframework.context.event.SimpleApplicationEventMulticaster.invokeListener(SimpleApplicationEventMulticaster.java:165) ~[spring-context-5.2.6.RELEASE.jar:5.2.6.RELEASE]
	at org.springframework.context.event.SimpleApplicationEventMulticaster.multicastEvent(SimpleApplicationEventMulticaster.java:139) ~[spring-context-5.2.6.RELEASE.jar:5.2.6.RELEASE]
	at org.springframework.context.event.SimpleApplicationEventMulticaster.multicastEvent(SimpleApplicationEventMulticaster.java:127) ~[spring-context-5.2.6.RELEASE.jar:5.2.6.RELEASE]
	at org.springframework.boot.context.event.EventPublishingRunListener.environmentPrepared(EventPublishingRunListener.java:80) ~[spring-boot-2.4.0-SNAPSHOT.jar:2.4.0-SNAPSHOT]
	at org.springframework.boot.SpringApplicationRunListeners.environmentPrepared(SpringApplicationRunListeners.java:53) ~[spring-boot-2.4.0-SNAPSHOT.jar:2.4.0-SNAPSHOT]
	at org.springframework.boot.SpringApplication.prepareEnvironment(SpringApplication.java:345) ~[spring-boot-2.4.0-SNAPSHOT.jar:2.4.0-SNAPSHOT]
	at org.springframework.boot.SpringApplication.run(SpringApplication.java:308) ~[spring-boot-2.4.0-SNAPSHOT.jar:2.4.0-SNAPSHOT]
	at org.springframework.boot.test.context.SpringBootContextLoader.loadContext(SpringBootContextLoader.java:120) ~[spring-boot-test-2.4.0-SNAPSHOT.jar:2.4.0-SNAPSHOT]
	at org.springframework.test.context.cache.DefaultCacheAwareContextLoaderDelegate.loadContextInternal(DefaultCacheAwareContextLoaderDelegate.java:99) ~[spring-test-5.2.6.RELEASE.jar:5.2.6.RELEASE]
	at org.springframework.test.context.cache.DefaultCacheAwareContextLoaderDelegate.loadContext(DefaultCacheAwareContextLoaderDelegate.java:124) ~[spring-test-5.2.6.RELEASE.jar:5.2.6.RELEASE]
	... 65 common frames omitted
Caused by: org.springframework.core.convert.ConversionFailedException: Failed to convert from type [java.lang.String] to type [org.springframework.boot.logging.LogLevel] for value 'INFO,ERROR'; nested exception is java.lang.IllegalArgumentException: No enum constant org.springframework.boot.logging.LogLevel.INFO,ERROR
	at org.springframework.core.convert.support.ConversionUtils.invokeConverter(ConversionUtils.java:47) ~[spring-core-5.2.6.RELEASE.jar:5.2.6.RELEASE]
	at org.springframework.core.convert.support.GenericConversionService.convert(GenericConversionService.java:191) ~[spring-core-5.2.6.RELEASE.jar:5.2.6.RELEASE]
	at org.springframework.boot.context.properties.bind.BindConverter$CompositeConversionService.convert(BindConverter.java:170) ~[spring-boot-2.4.0-SNAPSHOT.jar:2.4.0-SNAPSHOT]
	at org.springframework.boot.context.properties.bind.BindConverter.convert(BindConverter.java:96) ~[spring-boot-2.4.0-SNAPSHOT.jar:2.4.0-SNAPSHOT]
	at org.springframework.boot.context.properties.bind.BindConverter.convert(BindConverter.java:88) ~[spring-boot-2.4.0-SNAPSHOT.jar:2.4.0-SNAPSHOT]
	at org.springframework.boot.context.properties.bind.Binder.bindProperty(Binder.java:434) ~[spring-boot-2.4.0-SNAPSHOT.jar:2.4.0-SNAPSHOT]
	at org.springframework.boot.context.properties.bind.Binder.bindObject(Binder.java:379) ~[spring-boot-2.4.0-SNAPSHOT.jar:2.4.0-SNAPSHOT]
	at org.springframework.boot.context.properties.bind.Binder.bind(Binder.java:319) ~[spring-boot-2.4.0-SNAPSHOT.jar:2.4.0-SNAPSHOT]
	... 100 common frames omitted
Caused by: java.lang.IllegalArgumentException: No enum constant org.springframework.boot.logging.LogLevel.INFO,ERROR
	at org.springframework.boot.convert.LenientObjectToEnumConverterFactory$LenientToEnumConverter.findEnum(LenientObjectToEnumConverterFactory.java:93) ~[spring-boot-2.4.0-SNAPSHOT.jar:2.4.0-SNAPSHOT]
	at org.springframework.boot.convert.LenientObjectToEnumConverterFactory$LenientToEnumConverter.convert(LenientObjectToEnumConverterFactory.java:80) ~[spring-boot-2.4.0-SNAPSHOT.jar:2.4.0-SNAPSHOT]
	at org.springframework.boot.convert.LenientObjectToEnumConverterFactory$LenientToEnumConverter.convert(LenientObjectToEnumConverterFactory.java:61) ~[spring-boot-2.4.0-SNAPSHOT.jar:2.4.0-SNAPSHOT]
	at org.springframework.core.convert.support.GenericConversionService$ConverterFactoryAdapter.convert(GenericConversionService.java:436) ~[spring-core-5.2.6.RELEASE.jar:5.2.6.RELEASE]
	at org.springframework.core.convert.support.ConversionUtils.invokeConverter(ConversionUtils.java:41) ~[spring-core-5.2.6.RELEASE.jar:5.2.6.RELEASE]
	... 107 common frames omitted

]]></system-out>
  </testcase>
</testsuite>